PRT1
222
597
4 0 18 (2048 0 64 ) (2048 0 736 ) (1024 0 736 ) (1024 0 64 ) 
4 0 10 (1024 16 64 ) (1024 0 64 ) (1024 0 256 ) (1024 16 256 ) 
4 0 9 (1024 0 256 ) (1024 0 272 ) (1024 16 268 ) (1024 16 256 ) 
4 0 8 (1024 0 272 ) (1024 0 736 ) (1024 16 736 ) (1024 16 268 ) 
3 0 6 (1024 16 256 ) (1024 16 268 ) (1024 64.003906 256 ) 
5 0 5 (1024 16 268 ) (1024 16 736 ) (1024 800 736 ) (1024 800 256 ) (1024 64.003906 256 ) 
4 0 7 (1024 800 64 ) (1024 16 64 ) (1024 16 256 ) (1024 800 256 ) 
4 0 3 (1024 208 64 ) (1024 800 64 ) (1088 800 64 ) (1088 208 64 ) 
4 0 4 (1024 0 64 ) (1024 160 64 ) (1088 160 64 ) (1088 0 64 ) 
4 0 2 (1088 800 64 ) (1104 800 64 ) (1104 208 64 ) (1088 208 64 ) 
4 0 1 (1104 800 64 ) (2048 800 64 ) (2048 208 64 ) (1104 208 64 ) 
4 1 2 (1104 800 48 ) (1104 240 48 ) (1104 208 64 ) (1104 800 64 ) 
4 2 3 (1088 800 64 ) (1088 800 48 ) (1088 240 48 ) (1088 208 64 ) 
4 3 15 (1024 800 48 ) (1024 240 48 ) (1024 208 64 ) (1024 800 64 ) 
4 4 23 (1088 0 64 ) (1024 0 64 ) (1024 0 48 ) (1088 0 48 ) 
4 4 17 (1024 32 48 ) (1024 0 48 ) (1024 0 64 ) (1024 32 64 ) 
4 4 16 (1024 160 48 ) (1024 32 48 ) (1024 32 64 ) (1024 160 64 ) 
5 5 94 (0 16 268 ) (0 16 736 ) (0 800 736 ) (0 800 256 ) (0 64.003906 256 ) 
4 5 8 (1024 16 268 ) (1024 16 736 ) (0 16 736 ) (0 16 268 ) 
4 5 6 (1024 16 268.001465 ) (271.994141 16 268.001465 ) (320 64.005852 256 ) (1024 64.005829 256 ) 
4 5 7 (0 64.003891 256 ) (0 800 256 ) (1024 800 256 ) (1024 64.003906 256 ) 
4 6 9 (1024 16 256 ) (1024 16 268 ) (271.996155 16 268 ) (320 16 256 ) 
4 6 7 (1024 16 256 ) (320 16 256 ) (320 64.003899 256 ) (1024 64.003906 256 ) 
4 7 121 (0 160 64 ) (0 16 64 ) (0 16 96 ) (0 160 96 ) 
4 7 116 (0 768.003906 64 ) (0 160 64 ) (0 160 96 ) (0 704.003967 96 ) 
4 7 115 (0 800 64 ) (0 768.003906 64 ) (0 704.003967 96 ) (0 800 96 ) 
4 7 96 (0 16 96 ) (0 16 256 ) (0 800 256 ) (0 800 96 ) 
4 7 17 (1024 32 64 ) (1024 16 64 ) (320 16 64 ) (304 32 64 ) 
4 7 16 (1024 160 64 ) (1024 32 64 ) (0 32 64 ) (0 160 64 ) 
4 7 15 (1024 800 64 ) (1024 208 64 ) (0 208 64 ) (0 800 64 ) 
4 7 12 (127 16 190 ) (0 16 190 ) (0 16 98 ) (127 16 98 ) 
4 7 11 (288 16 208 ) (288 16 256 ) (0 16 256 ) (0 16 208 ) 
4 7 10 (304 16 64 ) (1024 16 64 ) (1024 16 256 ) (304 16 256 ) 
4 8 97 (0 0 272 ) (0 0 736 ) (0 16 736 ) (0 16 268 ) 
3 8 28 (0 0 336 ) (0 0 272 ) (255.996094 0 272 ) 
5 8 27 (0 0 736 ) (0 0 336 ) (255.996094 0 272 ) (1024 0 272 ) (1024 0 736 ) 
4 8 9 (271.996124 16 268 ) (1024 16 268 ) (1024 0 272 ) (255.996094 0 272 ) 
4 9 27 (320 0 256 ) (1024 0 256 ) (1024 0 272 ) (255.996094 0 272 ) 
4 9 10 (320 16 256 ) (1024 16 256 ) (1024 0 256 ) (320 0 256 ) 
4 10 43 (352 0 64 ) (368 0 64 ) (368 0 256 ) (352 0 256 ) 
4 10 46 (304 0 64 ) (352 0 64 ) (352 0 256 ) (304 0 256 ) 
4 10 39 (384 0 64 ) (400 0 64 ) (400 0 256 ) (384 0 256 ) 
4 10 42 (368 0 64 ) (384 0 64 ) (384 0 256 ) (368 0 256 ) 
4 10 34 (560 0 216.328156 ) (560 0 256 ) (400 0 256 ) (400 0 216.328156 ) 
4 10 33 (560 0 103.671837 ) (560 0 216.328156 ) (400 0 216.328156 ) (400 0 103.671844 ) 
4 10 32 (400 0 64 ) (560 0 64 ) (560 0 103.671837 ) (400 0 103.671844 ) 
4 10 30 (560 0 64 ) (1024 0 64 ) (1024 0 256 ) (560 0 256 ) 
4 10 17 (1024 16 64 ) (1024 0 64 ) (336 0 64 ) (320 16 64 ) 
4 11 99 (0 0 208 ) (0 0 256 ) (0 16 256 ) (0 16 208 ) 
4 12 105 (0 16 144 ) (0 16 98 ) (0 12.743000 98 ) (0 12.743000 144 ) 
4 12 100 (0 12.743000 190 ) (0 16 190 ) (0 16 144 ) (0 12.743000 144 ) 
4 12 13 (0 12.743000 98 ) (127 12.743000 98 ) (127 12.743000 190 ) (0 12.743000 190 ) 
4 13 106 (0 12.743000 144 ) (0 12.743000 98 ) (0 11.743000 98 ) (0 11.743000 144 ) 
4 13 101 (0 11.743000 190 ) (0 12.743000 190 ) (0 12.743000 144 ) (0 11.743000 144 ) 
4 13 14 (0 11.743000 98 ) (127 11.743000 98 ) (127 11.743000 190 ) (0 11.743000 190 ) 
4 14 107 (0 0 98 ) (0 0 144 ) (0 11.743000 144 ) (0 11.743000 98 ) 
4 14 102 (0 0 144 ) (0 0 190 ) (0 11.743000 190 ) (0 11.743000 144 ) 
4 14 61 (0 0 190 ) (0 0 98 ) (127 0 98 ) (127 0 190 ) 
5 15 117 (0 208 64 ) (0 768.003906 64 ) (0 800 48.001980 ) (0 800 48 ) (0 240 48 ) 
3 15 115 (0 768.003906 64 ) (0 800 64 ) (0 800 48.001980 ) 
4 16 123 (0 32 64 ) (0 160 64 ) (0 160 48 ) (0 32 48 ) 
4 16 17 (304 32 48 ) (1024 32 48 ) (1024 32 64 ) (304 32 64 ) 
4 17 81 (336 0 48 ) (416 0 48 ) (416 0 64 ) (336 0 64 ) 
4 17 79 (416 0 48 ) (432 0 48 ) (432 0 64 ) (416 0 64 ) 
4 17 78 (432 0 48 ) (560 0 48 ) (560 0 64 ) (432 0 64 ) 
4 17 76 (560 0 48 ) (576 0 48 ) (576 0 64 ) (560 0 64 ) 
4 17 72 (624 0 48 ) (1024 0 48 ) (1024 0 64 ) (624 0 64 ) 
4 17 74 (576 0 48 ) (624 0 48 ) (624 0 64 ) (576 0 64 ) 
4 18 86 (2048 -1024 64 ) (2048 -1024 736 ) (1024 -1024 736 ) (1024 -1024 64 ) 
4 18 70 (1024 -480 64 ) (1024 -496 64 ) (1024 -496 98 ) (1024 -480 98 ) 
4 18 63 (1024 -496 98 ) (1024 -496 256 ) (1024 -480 256 ) (1024 -480 98 ) 
4 18 71 (1024 -496 64 ) (1024 -1024 64 ) (1024 -1024 256 ) (1024 -496 256 ) 
4 18 30 (1024 0 256 ) (1024 0 64 ) (1024 -480 64 ) (1024 -480 256 ) 
4 18 27 (1024 0 736 ) (1024 0 256 ) (1024 -1024 256 ) (1024 -1024 736 ) 
4 18 25 (1088 -1024 64 ) (1024 -1024 64 ) (1024 -560 64 ) (1088 -560 64 ) 
4 18 23 (1024 -128 64 ) (1024 0 64 ) (1088 0 64 ) (1088 -128 64 ) 
4 18 24 (1024 -368 64 ) (1024 -144 64 ) (1088 -144 64 ) (1088 -368 64 ) 
4 18 22 (1104 -1024 64 ) (1088 -1024 64 ) (1088 -560 64 ) (1104 -560 64 ) 
4 18 21 (1232 -1024 64 ) (1104 -1024 64 ) (1104 -384 64 ) (1232 -384 64 ) 
4 18 20 (1248 -1024 64 ) (1232 -1024 64 ) (1232 -688 64 ) (1248 -688 64 ) 
4 18 19 (2048 -1024 64 ) (1248 -1024 64 ) (1248 -624 64 ) (2048 -624 64 ) 
4 19 86 (2048 -1024 48 ) (2048 -1024 64 ) (1248 -1024 64 ) (1248 -1024 48 ) 
4 19 20 (1248 -688 48 ) (1248 -1024 48 ) (1248 -1024 64 ) (1248 -688 64 ) 
4 20 86 (1248 -1024 64 ) (1232 -1024 64 ) (1232 -1024 48 ) (1248 -1024 48 ) 
4 20 21 (1232 -688 48 ) (1232 -1024 48 ) (1232 -1024 64 ) (1232 -688 64 ) 
4 21 86 (1232 -1024 64 ) (1104 -1024 64 ) (1104 -1024 48 ) (1232 -1024 48 ) 
4 21 22 (1104 -560 48 ) (1104 -1024 48 ) (1104 -1024 64 ) (1104 -560 64 ) 
4 22 86 (1104 -1024 64 ) (1088 -1024 64 ) (1088 -1024 48 ) (1104 -1024 48 ) 
4 22 25 (1088 -560 48 ) (1088 -1024 48 ) (1088 -1024 64 ) (1088 -560 64 ) 
4 23 72 (1024 0 64 ) (1024 0 48 ) (1024 -128 48 ) (1024 -128 64 ) 
4 24 73 (1024 -144 48 ) (1024 -368 48 ) (1024 -368 64 ) (1024 -144 64 ) 
4 24 26 (1088 -144 48 ) (1088 -368 48 ) (1024 -368 48 ) (1024 -144 48 ) 
4 25 86 (1088 -1024 64 ) (1024 -1024 64 ) (1024 -1024 48 ) (1088 -1024 48 ) 
4 25 75 (1024 -560 48 ) (1024 -1024 48 ) (1024 -1024 64 ) (1024 -560 64 ) 
4 26 85 (1024 -368 -11.259254 ) (1024 -368 48 ) (1024 -144 48 ) (1024 -144 -11.259251 ) 
4 27 133 (0 -1024 336 ) (0 -1024 736 ) (0 0 736 ) (0 0 336 ) 
5 27 87 (1024 -1024 256 ) (1024 -1024 736 ) (0 -1024 736 ) (0 -1024 336 ) (320 -1024 256 ) 
4 27 63 (320 -496 256 ) (320 -480 256 ) (1024 -480 256 ) (1024 -496 256 ) 
4 27 71 (1024 -1024 256 ) (320 -1024 256 ) (320 -496 256 ) (1024 -496 256 ) 
4 27 44 (368 -64 256 ) (368 -80 256 ) (352 -80 256 ) (352 -64 256 ) 
4 27 43 (352 0 256 ) (368 0 256 ) (368 -64 256 ) (352 -64 256 ) 
4 27 45 (368 -80 256 ) (368 -480 256 ) (352 -480 256 ) (352 -80 256 ) 
4 27 46 (320 -480 256 ) (320 0 256 ) (352 0 256 ) (352 -480 256 ) 
4 27 40 (400 -128 256 ) (400 -144 256 ) (384 -144 256 ) (384 -128 256 ) 
4 27 39 (384 0 256 ) (400 0 256 ) (400 -128 256 ) (384 -128 256 ) 
4 27 41 (400 -144 256 ) (400 -480 256 ) (384 -480 256 ) (384 -144 256 ) 
4 27 42 (368 0 256 ) (384 0 256 ) (384 -480 256 ) (368 -480 256 ) 
4 27 36 (560 -164.447632 256 ) (560 -180.447617 256 ) (400 -180.447601 256 ) (400 -164.447632 256 ) 
4 27 35 (560 -91.552361 256 ) (560 -164.447632 256 ) (400 -164.447632 256 ) (400 -91.552368 256 ) 
4 27 34 (400 0 256 ) (560 0 256 ) (560 -91.552361 256 ) (400 -91.552368 256 ) 
4 27 31 (560 -180.447617 256 ) (560 -480 256 ) (400 -480 256 ) (400 -180.447601 256 ) 
4 27 30 (560 0 256 ) (1024 0 256 ) (1024 -480 256 ) (560 -480 256 ) 
4 27 29 (320.002167 -527.992188 256 ) (320.002167 -1024 256 ) (256.002106 -1024 272 ) (256.002075 -463.992188 272 ) 
4 27 28 (0 0 336 ) (256.002075 0 272 ) (256.002106 -1024 272 ) (0 -1024 336 ) 
4 28 133 (0 -1024 272 ) (0 -1024 336 ) (0 0 336 ) (0 0 272 ) 
3 28 87 (0 -1024 336 ) (0 -1024 272 ) (256 -1024 272 ) 
4 28 29 (0 -1024 272 ) (0 -463.992188 272 ) (255.998062 -463.992218 272 ) (255.998077 -1024 272 ) 
4 29 135 (0 -1024 256 ) (0 -1024 272 ) (0 -463.992188 272 ) (0 -527.992188 256 ) 
4 29 87 (0 -1024 272 ) (0 -1024 256 ) (320 -1024 256 ) (256 -1024 272 ) 
4 29 71 (320 -1024 256 ) (0 -1024 256 ) (0 -527.992188 256 ) (320 -527.992188 256 ) 
4 30 76 (560 0 64 ) (576 0 64 ) (576 -368 64 ) (560 -368 64 ) 
4 30 72 (624 0 64 ) (1024 0 64 ) (1024 -128 64 ) (624 -128 64 ) 
4 30 73 (1024 -144 64 ) (1024 -368 64 ) (624 -368 64 ) (624 -144 64 ) 
4 30 74 (576 0 64 ) (624 0 64 ) (624 -368 64 ) (576 -368 64 ) 
4 30 70 (560 -480 64 ) (1024 -480 64 ) (1024 -480 98 ) (560 -480 98 ) 
4 30 63 (1024 -480 98 ) (1024 -480 256 ) (560 -480 256 ) (560 -480 98 ) 
3 30 38 (560 -144 168 ) (560 -145.656845 172 ) (560 -141.656998 173.656998 ) 
3 30 37 (560 -145.656845 172 ) (560 -149.655991 181.656006 ) (560 -136 176 ) 
4 30 36 (560 -149.655991 181.656006 ) (560 -180.447601 256 ) (560 -164.447632 256 ) (560 -130.342987 173.656982 ) 
3 30 35 (560 -164.447632 256 ) (560 -91.552368 256 ) (560 -128 168 ) 
4 30 34 (560 -91.552368 256 ) (560 0 256 ) (560 0 216.328156 ) (560 -130.343018 162.342987 ) 
3 30 33 (560 0 216.328156 ) (560 0 103.671844 ) (560 -136 160 ) 
4 30 32 (560 0 64 ) (560 -100.925507 64 ) (560 -141.656982 162.343002 ) (560 0 103.671844 ) 
4 30 31 (560 -100.925507 64 ) (560 -480 64 ) (560 -480 256 ) (560 -180.447601 256 ) 
4 31 78 (560 -100.925507 64 ) (560 -480 64 ) (432 -480 64 ) (432 -100.925507 64 ) 
4 31 70 (400 -480 64 ) (560 -480 64 ) (560 -480 98 ) (400 -480 98 ) 
4 31 63 (560 -480 98 ) (560 -480 256 ) (400 -480 256 ) (400 -480 98 ) 
3 31 39 (400 -100.925507 64 ) (400 -128 64 ) (400 -128 129.369293 ) 
5 31 41 (400 -144 64 ) (400 -480 64 ) (400 -480 256 ) (400 -180.447601 256 ) (400 -144 168 ) 
4 31 38 (560 -145.656769 172 ) (560 -144 168 ) (400 -144 168 ) (400 -145.656784 172 ) 
4 31 37 (560 -149.655899 181.655975 ) (560 -145.656769 172 ) (400 -145.656784 172 ) (400 -149.655869 181.655945 ) 
4 31 36 (560 -180.447540 256 ) (560 -149.655899 181.655975 ) (400 -149.655869 181.655945 ) (400 -180.447266 256 ) 
4 31 32 (560 -141.656876 162.342957 ) (560 -100.925415 64 ) (400 -100.925781 64 ) (400 -141.656921 162.342972 ) 
4 32 81 (400 0 64 ) (416 0 64 ) (416 -80 64 ) (400 -64 64 ) 
4 32 79 (416 0 64 ) (432 0 64 ) (432 -96 64 ) (416 -80 64 ) 
4 32 78 (432 0 64 ) (560 0 64 ) (560 -100.925507 64 ) (432 -100.925507 64 ) 
5 32 39 (400 0 64 ) (400 -100.925507 64 ) (400 -128 129.369263 ) (400 -128 156.686584 ) (400 0 103.671844 ) 
4 32 33 (400 0 103.673050 ) (400 -136 160 ) (560 -136 160 ) (560 0 103.672089 ) 
4 33 39 (400 0 216.328156 ) (400 0 103.671844 ) (400 -128 156.686584 ) (400 -128 163.313416 ) 
4 33 34 (400 0 216.329636 ) (400 -130.342209 162.344940 ) (560 -130.342194 162.344955 ) (560 0 216.329773 ) 
5 34 39 (400 -91.552368 256 ) (400 0 256 ) (400 0 216.328156 ) (400 -128 163.313416 ) (400 -128 168 ) 
4 34 35 (400 -91.550781 256 ) (400 -128 168 ) (560 -128 168 ) (560 -91.551796 256 ) 
5 35 40 (400 -144 256 ) (400 -128 256 ) (400 -128 176 ) (400 -131.313416 176 ) (400 -144 206.630768 ) 
3 35 39 (400 -128 256 ) (400 -91.552368 256 ) (400 -128 168 ) 
3 35 41 (400 -164.447632 256 ) (400 -144 256 ) (400 -144 206.630768 ) 
4 35 36 (400 -164.448761 256 ) (400 -130.344208 173.657486 ) (560 -130.344193 173.657486 ) (560 -164.448639 256 ) 
4 36 40 (400 -144 206.630783 ) (400 -131.313416 176 ) (400 -136 176 ) (400 -144 179.313416 ) 
5 36 41 (400 -149.655991 181.656006 ) (400 -180.447601 256 ) (400 -164.447632 256 ) (400 -144 206.630783 ) (400 -144 179.313416 ) 
4 36 37 (560 -149.653931 181.654526 ) (400 -149.653931 181.654526 ) (400 -136.001129 176 ) (560 -136.001129 176 ) 
3 37 40 (400 -144 179.313416 ) (400 -136 176 ) (400 -144 176 ) 
4 37 41 (400 -145.656845 172 ) (400 -149.655991 181.656006 ) (400 -144 179.313416 ) (400 -144 172.686584 ) 
4 37 38 (560 -145.656860 172 ) (400 -145.656860 172 ) (400 -141.657028 173.656921 ) (560 -141.657028 173.656921 ) 
3 38 41 (400 -144 168 ) (400 -145.656845 172 ) (400 -144 172.686584 ) 
4 39 81 (384 0 64 ) (400 0 64 ) (400 -64 64 ) (384 -48 64 ) 
4 39 40 (384 -128 256 ) (384 -128 176 ) (400 -128 176 ) (400 -128 256 ) 
4 39 42 (384 0 64 ) (384 -128 64 ) (384 -128 256 ) (384 0 256 ) 
4 40 42 (384 -144 176 ) (384 -144 256 ) (384 -128 256 ) (384 -128 176 ) 
4 40 41 (384 -144 256 ) (384 -144 176 ) (400 -144 176 ) (400 -144 256 ) 
4 41 70 (384 -480 64 ) (400 -480 64 ) (400 -480 98 ) (384 -480 98 ) 
4 41 63 (400 -480 98 ) (400 -480 256 ) (384 -480 256 ) (384 -480 98 ) 
4 41 42 (384 -144 64 ) (384 -480 64 ) (384 -480 256 ) (384 -144 256 ) 
4 42 81 (368 0 64 ) (384 0 64 ) (384 -48 64 ) (368 -32 64 ) 
4 42 70 (368 -480 64 ) (384 -480 64 ) (384 -480 98 ) (368 -480 98 ) 
4 42 63 (384 -480 98 ) (384 -480 256 ) (368 -480 256 ) (368 -480 98 ) 
4 42 44 (368 -80 112 ) (368 -80 256 ) (368 -64 256 ) (368 -64 112 ) 
4 42 43 (368 0 64 ) (368 -64 64 ) (368 -64 256 ) (368 0 256 ) 
4 42 45 (368 -80 64 ) (368 -480 64 ) (368 -480 256 ) (368 -80 256 ) 
4 43 81 (352 0 64 ) (368 0 64 ) (368 -32 64 ) (352 -16 64 ) 
4 43 44 (352 -64 256 ) (352 -64 96 ) (368 -64 112 ) (368 -64 256 ) 
4 43 46 (352 0 64 ) (352 -64 64 ) (352 -64 256 ) (352 0 256 ) 
4 44 46 (352 -80 96 ) (352 -80 256 ) (352 -64 256 ) (352 -64 96 ) 
4 44 45 (352 -80 256 ) (352 -80 96 ) (368 -80 112 ) (368 -80 256 ) 
4 45 70 (352 -480 64 ) (368 -480 64 ) (368 -480 98 ) (352 -480 98 ) 
4 45 63 (368 -480 98 ) (368 -480 256 ) (352 -480 256 ) (352 -480 98 ) 
4 45 46 (352 -80 64 ) (352 -480 64 ) (352 -480 256 ) (352 -80 256 ) 
3 46 81 (336 0 64 ) (352 0 64 ) (352 -16 64 ) 
4 46 70 (304 -480 64 ) (352 -480 64 ) (352 -480 98 ) (304 -480 98 ) 
4 46 63 (352 -480 98 ) (352 -480 256 ) (304 -480 256 ) (304 -480 98 ) 
4 46 52 (304 -464 176 ) (304 -464 256 ) (304 -416 256 ) (304 -416 176 ) 
4 46 53 (304 -416 64 ) (304 -464 64 ) (304 -464 172 ) (304 -416 172 ) 
4 46 50 (304 -256 64 ) (304 -320 64 ) (304 -320 256 ) (304 -256 256 ) 
4 46 51 (304 -336 64 ) (304 -400 64 ) (304 -400 256 ) (304 -336 256 ) 
4 46 49 (304 -176 64 ) (304 -240 64 ) (304 -240 256 ) (304 -176 256 ) 
4 46 47 (304 -16 64 ) (304 -80 64 ) (304 -80 256 ) (304 -16 256 ) 
4 46 48 (304 -96 64 ) (304 -160 64 ) (304 -160 256 ) (304 -96 256 ) 
4 50 58 (288 -256 64 ) (288 -320 64 ) (288 -320 64.959396 ) (288 -256 64.959396 ) 
4 53 59 (288 -416 64 ) (288 -464 64 ) (288 -464 172 ) (288 -416 172 ) 
4 54 61 (272 0 64 ) (272 -16 64 ) (272 -16 208 ) (272 0 208 ) 
4 55 61 (272 -80 64 ) (272 -96 64 ) (272 -96 208 ) (272 -80 208 ) 
4 55 60 (272 -96 208 ) (272 -96 256 ) (272 -80 256 ) (272 -80 208 ) 
4 56 61 (272 -160 64 ) (272 -176 64 ) (272 -176 208 ) (272 -160 208 ) 
4 56 60 (272 -176 208 ) (272 -176 256 ) (272 -160 256 ) (272 -160 208 ) 
4 57 61 (272 -240 64 ) (272 -256 64 ) (272 -256 208 ) (272 -240 208 ) 
4 57 60 (272 -256 208 ) (272 -256 256 ) (272 -240 256 ) (272 -240 208 ) 
4 57 58 (272 -256 64.959396 ) (272 -256 64 ) (288 -256 64 ) (288 -256 64.959396 ) 
4 58 61 (272 -256 64 ) (272 -320 64 ) (272 -320 64.959396 ) (272 -256 64.959396 ) 
4 59 62 (272 -416 64 ) (272 -464 64 ) (272 -464 172 ) (272 -416 172 ) 
4 60 136 (0 -320 256 ) (0 -16 256 ) (0 -16 208 ) (0 -320 208 ) 
4 60 61 (272 -16 208 ) (272 -320 208 ) (0 -320 208 ) (0 -16 208 ) 
4 61 137 (0 0 208 ) (0 0 64 ) (0 -320 64 ) (0 -320 208 ) 
4 62 138 (0 -336 64 ) (0 -480 64 ) (0 -480 208 ) (0 -336 208 ) 
4 62 67 (0 -480 190 ) (0 -480 98 ) (15 -480 98 ) (15 -480 190 ) 
4 62 64 (49 -480 98 ) (271 -480 98 ) (271 -480 190 ) (49 -480 190 ) 
4 63 70 (1024 -496 98 ) (288 -496 98 ) (288 -480 98 ) (1024 -480 98 ) 
4 63 71 (1024 -496 98 ) (1024 -496 256 ) (288 -496 256 ) (288 -496 98 ) 
4 64 65 (49 -483.257019 190 ) (49 -483.257019 98 ) (271 -483.257019 98 ) (271 -483.257019 190 ) 
4 65 66 (49 -484.257019 190 ) (49 -484.257019 98 ) (271 -484.257019 98 ) (271 -484.257019 190 ) 
4 66 71 (49 -496 98 ) (271 -496 98 ) (271 -496 190 ) (49 -496 190 ) 
4 67 148 (0 -480 190 ) (0 -480 98 ) (0 -483.257019 98 ) (0 -483.257019 190 ) 
4 67 68 (0 -483.257019 98 ) (15 -483.257019 98 ) (15 -483.257019 190 ) (0 -483.257019 190 ) 
4 68 149 (0 -483.257019 98 ) (0 -484.257019 98 ) (0 -484.257019 190 ) (0 -483.257019 190 ) 
4 68 69 (0 -484.257019 98 ) (15 -484.257019 98 ) (15 -484.257019 190 ) (0 -484.257019 190 ) 
4 69 150 (0 -484.257019 98 ) (0 -496 98 ) (0 -496 190 ) (0 -484.257019 190 ) 
4 69 71 (0 -496 190 ) (0 -496 98 ) (15 -496 98 ) (15 -496 190 ) 
4 70 78 (432 -480 64 ) (560 -480 64 ) (560 -496 64 ) (432 -496 64 ) 
4 70 71 (288 -496 64 ) (1024 -496 64 ) (1024 -496 98 ) (288 -496 98 ) 
4 71 151 (0 -1024 64 ) (0 -1024 256 ) (0 -496 256 ) (0 -496 64 ) 
4 71 87 (1024 -1024 64 ) (1024 -1024 256 ) (0 -1024 256 ) (0 -1024 64 ) 
4 71 84 (0 -1024 64 ) (0 -704 64 ) (288 -704 64 ) (288 -1024 64 ) 
4 71 83 (160 -560 64 ) (288 -560 64 ) (288 -688 64 ) (160 -688 64 ) 
4 71 82 (416 -512 64 ) (416 -1024 64 ) (288 -1024 64 ) (288 -512 64 ) 
4 71 80 (432 -560 64 ) (432 -1024 64 ) (416 -1024 64 ) (416 -560 64 ) 
4 71 78 (432 -496 64 ) (560 -496 64 ) (560 -1024 64 ) (432 -1024 64 ) 
4 71 77 (576 -560 64 ) (576 -688 64 ) (560 -688 64 ) (560 -560 64 ) 
4 71 75 (1024 -560 64 ) (1024 -1024 64 ) (576 -1024 64 ) (576 -560 64 ) 
4 72 74 (624 0 48 ) (624 -128 48 ) (624 -128 64 ) (624 0 64 ) 
4 73 85 (1024 -144 48 ) (1024 -368 48 ) (624 -368 48 ) (624 -144 48 ) 
4 73 74 (624 -144 48 ) (624 -368 48 ) (624 -368 64 ) (624 -144 64 ) 
4 74 76 (576 0 48 ) (576 -368 48 ) (576 -368 64 ) (576 0 64 ) 
4 75 88 (1024 -1024 48 ) (1024 -1024 64 ) (576 -1024 64 ) (576 -1024 48 ) 
4 75 77 (576 -560 48 ) (576 -688 48 ) (576 -688 64 ) (576 -560 64 ) 
4 76 78 (560 0 48 ) (560 -368 48 ) (560 -368 64 ) (560 0 64 ) 
4 77 78 (560 -560 48 ) (560 -688 48 ) (560 -688 64 ) (560 -560 64 ) 
4 78 90 (560 -1024 64 ) (432 -1024 64 ) (432 -1024 48 ) (560 -1024 48 ) 
4 78 79 (432 0 48 ) (432 -96 48 ) (432 -96 64 ) (432 0 64 ) 
4 78 80 (432 -560 48 ) (432 -1024 48 ) (432 -1024 64 ) (432 -560 64 ) 
4 79 81 (416 0 48 ) (416 -80 48 ) (416 -80 64 ) (416 0 64 ) 
4 80 90 (432 -1024 64 ) (416 -1024 64 ) (416 -1024 48 ) (432 -1024 48 ) 
4 80 82 (416 -560 48 ) (416 -1024 48 ) (416 -1024 64 ) (416 -560 64 ) 
4 82 90 (416 -1024 64 ) (288 -1024 64 ) (288 -1024 48 ) (416 -1024 48 ) 
4 82 84 (288 -704 48 ) (288 -1024 48 ) (288 -1024 64 ) (288 -704 64 ) 
4 82 83 (288 -560 48 ) (288 -688 48 ) (288 -688 64 ) (288 -560 64 ) 
4 84 192 (0 -1024 48 ) (0 -1024 64 ) (0 -704 64 ) (0 -704 48 ) 
4 84 90 (288 -1024 64 ) (0 -1024 64 ) (0 -1024 48 ) (288 -1024 48 ) 
4 86 92 (2048 -2048 48 ) (2048 -2048 736 ) (1024 -2048 736 ) (1024 -2048 48 ) 
4 86 88 (1024 -1024 64 ) (1024 -1024 48 ) (1024 -2048 48 ) (1024 -2048 64 ) 
4 86 87 (1024 -1024 736 ) (1024 -1024 64 ) (1024 -2048 64 ) (1024 -2048 736 ) 
4 87 204 (0 -2048 64 ) (0 -2048 736 ) (0 -1024 736 ) (0 -1024 64 ) 
4 87 93 (1024 -2048 64 ) (1024 -2048 736 ) (0 -2048 736 ) (0 -2048 64 ) 
4 87 90 (0 -1360 64 ) (0 -1024 64 ) (560 -1024 64 ) (560 -1360 64 ) 
4 87 91 (560 -2048 64 ) (0 -2048 64 ) (0 -1376 64 ) (560 -1376 64 ) 
4 87 89 (576 -2048 64 ) (560 -2048 64 ) (560 -1376 64 ) (576 -1376 64 ) 
4 87 88 (1024 -2048 64 ) (576 -2048 64 ) (576 -1024 64 ) (1024 -1024 64 ) 
4 88 93 (1024 -2048 48 ) (1024 -2048 64 ) (576 -2048 64 ) (576 -2048 48 ) 
4 88 89 (576 -1376 48 ) (576 -2048 48 ) (576 -2048 64 ) (576 -1376 64 ) 
4 89 93 (576 -2048 64 ) (560 -2048 64 ) (560 -2048 48 ) (576 -2048 48 ) 
4 89 91 (560 -1376 48 ) (560 -2048 48 ) (560 -2048 64 ) (560 -1376 64 ) 
4 90 207 (0 -1360 64 ) (0 -1104 64 ) (0 -1104 48 ) (0 -1360 48 ) 
4 90 205 (0 -1104 64 ) (0 -1024 64 ) (0 -1024 48 ) (0 -1104 48 ) 
4 91 208 (0 -2048 48 ) (0 -2048 64 ) (0 -1376 64 ) (0 -1376 48 ) 
4 91 93 (560 -2048 64 ) (0 -2048 64 ) (0 -2048 48 ) (560 -2048 48 ) 
4 92 93 (1024 -2912 48 ) (1024 -2912 736 ) (1024 -2048 736 ) (1024 -2048 48 ) 
4 93 218 (0 -2912 48 ) (0 -2912 736 ) (0 -2048 736 ) (0 -2048 48 ) 
4 94 127 (-1024 16 268 ) (-1024 16 440.001984 ) (-1024 384.003937 256 ) (-1024 64.003906 256 ) 
5 94 126 (-1024 16 440.001984 ) (-1024 16 736 ) (-1024 800 736 ) (-1024 800 256 ) (-1024 384.003937 256 ) 
4 94 97 (-1024 16 736 ) (-1024 16 268 ) (0 16 268 ) (0 16 736 ) 
4 94 95 (-463.994141 16 268.001465 ) (-1024 16 268.001465 ) (-1024 64.005890 256 ) (-512 64.005875 256 ) 
4 94 96 (-1024 64.003891 256 ) (-1024 800 256 ) (0 800 256 ) (0 64.003906 256 ) 
3 95 127 (-1024 16 256 ) (-1024 16 268 ) (-1024 64.003906 256 ) 
4 95 98 (-1024 16 268 ) (-1024 16 256 ) (-512 16 256 ) (-463.996033 16 268 ) 
4 95 96 (-512 16 256 ) (-1024 16 256 ) (-1024 64.003891 256 ) (-512 64.003899 256 ) 
4 96 127 (-1024 704.003967 96 ) (-1024 16 96 ) (-1024 16 256 ) (-1024 384.003937 256 ) 
4 96 126 (-1024 800 96 ) (-1024 704.003967 96 ) (-1024 384.003937 256 ) (-1024 800 256 ) 
4 96 121 (-1024 16 96 ) (-1024 160 96 ) (0 160 96 ) (0 16 96 ) 
4 96 120 (-1024 400 96 ) (-1024 704.003967 96 ) (-944 704.003967 96 ) (-944 320 96 ) 
4 96 119 (-1024 704.003967 96 ) (-1024 800 96 ) (-944 800 96 ) (-944 704.003967 96 ) 
4 96 118 (-1024 160 96 ) (-1024 400 96 ) (-944 320 96 ) (-944 160 96 ) 
4 96 116 (0 704.003967 96 ) (0 160 96 ) (-944 160 96 ) (-944 704.003967 96 ) 
4 96 115 (-944 800 96 ) (0 800 96 ) (0 704.003967 96 ) (-944 704.003967 96 ) 
4 96 109 (-1024 16 144 ) (-1024 16 96 ) (-512 16 96 ) (-512 16 144 ) 
4 96 108 (-416 16 96 ) (-352 16 96 ) (-352 16 144 ) (-416 16 144 ) 
4 96 105 (0 16 98 ) (0 16 144 ) (-95 16 144 ) (-95 16 98 ) 
4 96 104 (-1024 16 256 ) (-1024 16 144 ) (-512 16 144 ) (-512 16 256 ) 
4 96 103 (-95 16 208 ) (-95 16 256 ) (-448 16 256 ) (-448 16 208 ) 
4 96 100 (-95 16 144 ) (0 16 144 ) (0 16 190 ) (-95 16 190 ) 
4 96 99 (0 16 208 ) (0 16 256 ) (-95 16 256 ) (-95 16 208 ) 
4 97 133 (0 0 272 ) (0 0 736 ) (-1024 0 736 ) (-1024 0 272 ) 
4 97 127 (-1024 0 272 ) (-1024 0 448.001953 ) (-1024 16 440.002014 ) (-1024 16 268 ) 
4 97 126 (-1024 0 448.001953 ) (-1024 0 736 ) (-1024 16 736 ) (-1024 16 440.002014 ) 
4 97 98 (-1024 0 272 ) (-1024 16 268 ) (-463.996033 16 268 ) (-447.996155 0 272 ) 
4 98 134 (-447.996155 0 272 ) (-1024 0 272 ) (-1024 0 256 ) (-512 0 256 ) 
4 98 127 (-1024 0 256 ) (-1024 0 272 ) (-1024 16 268 ) (-1024 16 256 ) 
4 98 104 (-1024 0 256 ) (-1024 16 256 ) (-512 16 256 ) (-512 0 256 ) 
4 99 103 (-95 0 208 ) (-95 0 256 ) (-95 16 256 ) (-95 16 208 ) 
4 100 105 (-95 12.743000 144 ) (-95 16 144 ) (0 16 144 ) (0 12.743000 144 ) 
4 100 101 (0 12.743000 190 ) (-95 12.743000 190 ) (-95 12.743000 144 ) (0 12.743000 144 ) 
4 101 106 (-95 11.743000 144 ) (-95 12.743000 144 ) (0 12.743000 144 ) (0 11.743000 144 ) 
4 101 102 (0 11.743000 190 ) (-95 11.743000 190 ) (-95 11.743000 144 ) (0 11.743000 144 ) 
4 102 137 (0 0 144 ) (0 0 190 ) (-95 0 190 ) (-95 0 144 ) 
4 102 107 (0 0 144 ) (-95 0 144 ) (-95 11.743000 144 ) (0 11.743000 144 ) 
4 104 177 (-512 0 256 ) (-1024 0 256 ) (-1024 0 144 ) (-512 0 144 ) 
4 104 127 (-1024 0 144 ) (-1024 0 256 ) (-1024 16 256 ) (-1024 16 144 ) 
4 104 114 (-512 0 144 ) (-1024 0 144 ) (-1024 8 144 ) (-512 8 144 ) 
4 104 109 (-1024 8 144 ) (-1024 16 144 ) (-512 16 144 ) (-512 8 144 ) 
4 105 106 (-95 12.743000 144 ) (-95 12.743000 98 ) (0 12.743000 98 ) (0 12.743000 144 ) 
4 106 107 (-95 11.743000 144 ) (-95 11.743000 98 ) (0 11.743000 98 ) (0 11.743000 144 ) 
4 107 137 (0 0 98 ) (0 0 144 ) (-95 0 144 ) (-95 0 98 ) 
4 108 113 (-384 8 143 ) (-415 8 143 ) (-415 8 97 ) (-384 8 97 ) 
4 108 110 (-353 8 143 ) (-383 8 143 ) (-383 8 97 ) (-353 8 97 ) 
4 109 127 (-1024 16 96 ) (-1024 8 96 ) (-1024 8 144 ) (-1024 16 144 ) 
4 109 122 (-1024 8 96 ) (-1024 16 96 ) (-512 16 96 ) (-512 8 96 ) 
4 109 114 (-1024 8 96 ) (-512 8 96 ) (-512 8 144 ) (-1024 8 144 ) 
4 110 111 (-383 7 143 ) (-383 7 97 ) (-353 7 97 ) (-353 7 143 ) 
4 111 154 (-383 0 97 ) (-353 0 97 ) (-353 0 143 ) (-383 0 143 ) 
4 111 112 (-383 7 97 ) (-383 0 97 ) (-383 0 143 ) (-383 7 143 ) 
4 112 154 (-384 0 97 ) (-383 0 97 ) (-383 0 143 ) (-384 0 143 ) 
4 112 113 (-384 7 97 ) (-384 0 97 ) (-384 0 143 ) (-384 7 143 ) 
4 113 154 (-415 0 97 ) (-384 0 97 ) (-384 0 143 ) (-415 0 143 ) 
4 114 177 (-512 0 144 ) (-1024 0 144 ) (-1024 0 96 ) (-512 0 96 ) 
4 114 127 (-1024 8 96 ) (-1024 0 96 ) (-1024 0 144 ) (-1024 8 144 ) 
4 114 122 (-512 0 96 ) (-1024 0 96 ) (-1024 8 96 ) (-512 8 96 ) 
3 115 119 (-944 800 96 ) (-944 800 48.001991 ) (-944 704.003967 96 ) 
4 115 117 (-896.003967 800 48.001953 ) (0 800 48.001980 ) (0 768.003967 64 ) (-928 768.003906 64 ) 
4 115 116 (0 704.003967 96 ) (-944 704.003906 96 ) (-944 768.003906 64 ) (0 768.003967 64 ) 
4 116 121 (0 160 64 ) (0 160 96 ) (-944 160 96 ) (-944 160 64 ) 
4 116 120 (-944 320 96 ) (-944 704.003967 96 ) (-944 768.003967 64 ) (-944 320 64 ) 
4 116 118 (-944 160 64 ) (-944 160 96 ) (-944 320 96 ) (-944 320 64 ) 
4 116 117 (-928 768 64 ) (0 768 64 ) (0 208 64 ) (-928 208 64 ) 
4 118 128 (-1024 160 48 ) (-1024 160 64 ) (-1024 400 64 ) (-1024 400 48 ) 
4 118 127 (-1024 160 64 ) (-1024 160 96 ) (-1024 400 96 ) (-1024 400 64 ) 
4 118 125 (-944 160 48 ) (-944 160 64 ) (-1024 160 64 ) (-1024 160 48 ) 
4 118 121 (-944 160 64 ) (-944 160 96 ) (-1024 160 96 ) (-1024 160 64 ) 
4 118 120 (-944 320 96 ) (-944 320 64 ) (-1024 400 64 ) (-1024 400 96 ) 
3 119 126 (-1024 704.003967 96 ) (-1024 800 96 ) (-1024 800 48.001980 ) 
4 119 120 (-944 768 64 ) (-944 704 96 ) (-1024 704 96 ) (-1024 768 64 ) 
4 120 127 (-1024 400 96 ) (-1024 704.003967 96 ) (-1024 768.003967 64 ) (-1024 400 64 ) 
4 121 127 (-1024 16 96 ) (-1024 160 96 ) (-1024 160 64 ) (-1024 16 64 ) 
4 121 125 (-1024 16 64 ) (-1024 160 64 ) (-944 160 64 ) (-944 16 64 ) 
4 121 124 (-560 16 64 ) (-800 16 64 ) (-800 32 64 ) (-544 32 64 ) 
4 121 123 (-800 160 64 ) (0 160 64 ) (0 32 64 ) (-800 32 64 ) 
4 121 122 (-1024 16 64 ) (-512 16 64 ) (-512 16 96 ) (-1024 16 96 ) 
4 122 177 (-512 0 96 ) (-1024 0 96 ) (-1024 0 64 ) (-512 0 64 ) 
4 122 127 (-1024 0 64 ) (-1024 0 96 ) (-1024 16 96 ) (-1024 16 64 ) 
4 122 125 (-944 0 64 ) (-1024 0 64 ) (-1024 16 64 ) (-944 16 64 ) 
4 122 124 (-576 0 64 ) (-800 0 64 ) (-800 16 64 ) (-560 16 64 ) 
4 123 124 (-800 32 64 ) (-800 32 48 ) (-544 32 48 ) (-544 32 64 ) 
4 124 186 (-576 0 64 ) (-672 0 64 ) (-672 0 48 ) (-576 0 48 ) 
4 124 187 (-672 0 64 ) (-800 0 64 ) (-800 0 48 ) (-672 0 48 ) 
4 125 188 (-944 0 64 ) (-1024 0 64 ) (-1024 0 48 ) (-944 0 48 ) 
4 125 128 (-1024 0 48 ) (-1024 0 64 ) (-1024 160 64 ) (-1024 160 48 ) 
4 126 199 (-1024 0 448.001984 ) (-1024 0 736 ) (-1072 0 736 ) (-1072 0 448.001984 ) 
4 126 127 (-1024 0 448.001953 ) (-1072 0 448.001953 ) (-1072 768.003906 64 ) (-1024 768.003906 64 ) 
4 126 129 (-1072 800 736 ) (-1072 800 48.001953 ) (-1072 0 448.001984 ) (-1072 0 736 ) 
4 127 199 (-1024 0 64 ) (-1024 0 448.001984 ) (-1072 0 448.001984 ) (-1072 0 64 ) 
4 127 128 (-1072 0 64 ) (-1072 448 64 ) (-1024 400 64 ) (-1024 0 64 ) 
3 127 129 (-1072 0 64 ) (-1072 0 448.001984 ) (-1072 768.003906 64 ) 
4 128 199 (-1072 0 48 ) (-1024 0 48 ) (-1024 0 64 ) (-1072 0 64 ) 
4 128 129 (-1072 448 48 ) (-1072 0 48 ) (-1072 0 64 ) (-1072 448 64 ) 
4 129 199 (-1328 0 48 ) (-1072 0 48 ) (-1072 0 736 ) (-1328 0 736 ) 
4 129 132 (-1328 0 64 ) (-1328 0 136.001923 ) (-1328 624 136.001892 ) (-1328 768.003906 64 ) 
3 129 131 (-1328 0 136.001923 ) (-1328 0 448.001984 ) (-1328 624 136.001892 ) 
4 129 130 (-1328 0 448.001984 ) (-1328 0 736 ) (-1328 800 736 ) (-1328 800 48.001953 ) 
4 130 202 (-2048 0 448.001984 ) (-2048 0 736 ) (-2048 800 736 ) (-2048 800 48.001953 ) 
4 130 200 (-2048 0 736 ) (-2048 0 448.001984 ) (-1328 0 448.001984 ) (-1328 0 736 ) 
3 130 132 (-1328 768.003906 64 ) (-1328 624 136.001907 ) (-1472.003784 768.003906 64 ) 
5 130 131 (-2048 800 48.001953 ) (-1504 800 48.001953 ) (-1328 624 136.001907 ) (-1328 0 448.001953 ) (-2048 0 448.001953 ) 
4 131 202 (-2048 0 48 ) (-2048 0 448.001984 ) (-2048 800 48.001953 ) (-2048 800 48 ) 
5 131 200 (-2048 0 448.001984 ) (-2048 0 48 ) (-1504.003906 0 48 ) (-1328 0 136.001923 ) (-1328 0 448.001984 ) 
4 131 132 (-1472.003906 768.007813 64 ) (-1328 624.003906 136.001953 ) (-1328 0 136.001953 ) (-1472.003906 0 64 ) 
3 132 201 (-1328 0 64 ) (-1328 0 136.001923 ) (-1472.003906 0 64 ) 
4 133 204 (0 -1024 272 ) (0 -1024 736 ) (-1024 -1024 736 ) (-1024 -1024 272 ) 
4 133 199 (-1024 0 736 ) (-1024 0 272 ) (-1024 -1024 272 ) (-1024 -1024 736 ) 
4 133 135 (0 -463.992218 272 ) (0 -1024 272 ) (-448 -1024 272 ) (-448 -463.992188 272 ) 
4 133 134 (-1024 0 272 ) (-448 0 272 ) (-448 -1024 272 ) (-1024 -1024 272 ) 
4 134 204 (-448 -1024 272 ) (-1024 -1024 272 ) (-1024 -1024 256 ) (-512 -1024 256 ) 
4 134 199 (-1024 0 272 ) (-1024 0 256 ) (-1024 -1024 256 ) (-1024 -1024 272 ) 
4 134 185 (-512 -1024 256 ) (-1024 -1024 256 ) (-1024 -48 256 ) (-512 -48 256 ) 
4 134 177 (-1024 -48 256 ) (-1024 0 256 ) (-512 0 256 ) (-512 -48 256 ) 
4 134 135 (-512 -1024 256 ) (-512 -527.992188 256 ) (-448 -463.992218 272 ) (-448 -1024 272 ) 
4 135 204 (0 -1024 256 ) (0 -1024 272 ) (-448 -1024 272 ) (-512 -1024 256 ) 
4 135 184 (-472 -1024 256 ) (-473 -1024 256 ) (-473 -527.992188 256 ) (-472 -527.992188 256 ) 
4 135 185 (-473 -1024 256 ) (-512 -1024 256 ) (-512 -527.992188 256 ) (-473 -527.992188 256 ) 
4 135 176 (-352 -1024 256 ) (-472 -1024 256 ) (-472 -527.992188 256 ) (-352 -527.992188 256 ) 
4 135 167 (-336 -1024 256 ) (-352 -1024 256 ) (-352 -527.992188 256 ) (-336 -527.992188 256 ) 
4 135 164 (-240 -1024 256 ) (-336 -1024 256 ) (-336 -527.992188 256 ) (-240 -527.992188 256 ) 
4 135 152 (-224 -1024 256 ) (-240 -1024 256 ) (-240 -527.992188 256 ) (-224 -527.992188 256 ) 
4 135 151 (0 -1024 256 ) (-224 -1024 256 ) (-224 -527.992188 256 ) (0 -527.992188 256 ) 
4 136 137 (-112 -320 208 ) (-112 -16 208 ) (0 -16 208 ) (0 -320 208 ) 
4 137 139 (-112 0 64 ) (-112 -96 64 ) (-112 -96 208 ) (-112 0 208 ) 
4 138 148 (0 -480 98 ) (0 -480 190 ) (-112 -480 190 ) (-112 -480 98 ) 
4 138 140 (-112 -336 64 ) (-112 -480 64 ) (-112 -480 208 ) (-112 -336 208 ) 
4 139 141 (-128 0 64 ) (-128 -96 64 ) (-128 -96 208 ) (-128 0 208 ) 
4 140 148 (-112 -480 98 ) (-112 -480 190 ) (-128 -480 190 ) (-128 -480 98 ) 
4 140 142 (-128 -336 64 ) (-128 -480 64 ) (-128 -480 208 ) (-128 -336 208 ) 
4 141 143 (-160 0 64 ) (-160 -208 64 ) (-160 -208 208 ) (-160 0 208 ) 
4 142 148 (-128 -480 98 ) (-128 -480 190 ) (-160 -480 190 ) (-160 -480 98 ) 
4 142 143 (-160 -224 64 ) (-160 -480 64 ) (-160 -480 208 ) (-160 -224 208 ) 
4 143 148 (-160 -480 98 ) (-160 -480 190 ) (-207 -480 190 ) (-207 -480 98 ) 
4 143 147 (-224 -224 64 ) (-224 -480 64 ) (-224 -480 208 ) (-224 -224 208 ) 
4 143 145 (-224 -144 204.988007 ) (-224 -144 208 ) (-224 -96 208 ) (-224 -96 204.988007 ) 
4 143 144 (-224 0 64 ) (-224 -96 64 ) (-224 -96 208 ) (-224 0 208 ) 
4 143 146 (-224 -144 64 ) (-224 -208 64 ) (-224 -208 208 ) (-224 -144 208 ) 
4 144 153 (-240 0 64 ) (-240 -96 64 ) (-240 -96 208 ) (-240 0 208 ) 
4 144 145 (-224 -96 204.988007 ) (-224 -96 208 ) (-240 -96 208 ) (-240 -96 204.988007 ) 
4 145 155 (-240 -144 204.988007 ) (-240 -144 208 ) (-240 -112 208 ) (-240 -112 204.988007 ) 
4 145 146 (-224 -144 204.988007 ) (-224 -144 208 ) (-240 -144 208 ) (-240 -144 204.988007 ) 
4 146 155 (-240 -144 64 ) (-240 -208 64 ) (-240 -208 208 ) (-240 -144 208 ) 
4 147 157 (-240 -224 64 ) (-240 -480 64 ) (-240 -480 208 ) (-240 -224 208 ) 
4 148 149 (-207 -483.257019 190 ) (-207 -483.257019 98 ) (0 -483.257019 98 ) (0 -483.257019 190 ) 
4 149 150 (-207 -484.257019 190 ) (-207 -484.257019 98 ) (0 -484.257019 98 ) (0 -484.257019 190 ) 
4 150 151 (-207 -496 98 ) (0 -496 98 ) (0 -496 190 ) (-207 -496 190 ) 
4 151 204 (0 -1024 64 ) (0 -1024 256 ) (-224 -1024 256 ) (-224 -1024 64 ) 
4 151 192 (0 -704 64 ) (0 -1024 64 ) (-224 -1024 64 ) (-224 -704 64 ) 
4 151 152 (-224 -512 64 ) (-224 -1024 64 ) (-224 -1024 256 ) (-224 -512 256 ) 
4 152 204 (-224 -1024 256 ) (-240 -1024 256 ) (-240 -1024 64 ) (-224 -1024 64 ) 
4 152 192 (-224 -1024 64 ) (-240 -1024 64 ) (-240 -704 64 ) (-224 -704 64 ) 
4 152 166 (-240 -512 64 ) (-240 -1024 64 ) (-240 -1024 176 ) (-240 -512 176 ) 
4 152 164 (-240 -1024 176 ) (-240 -1024 256 ) (-240 -512 256 ) (-240 -512 176 ) 
4 154 155 (-320 -112 208 ) (-448 -112 208 ) (-448 -112 64 ) (-320 -112 64 ) 
4 155 156 (-240 -208 96 ) (-240 -208 208 ) (-448 -208 208 ) (-448 -208 96 ) 
4 156 157 (-240 -224 96 ) (-240 -224 208 ) (-448 -224 208 ) (-448 -224 96 ) 
4 157 165 (-336 -480 64 ) (-240 -480 64 ) (-240 -480 172 ) (-336 -480 172 ) 
4 157 160 (-448 -447 190 ) (-448 -225 190 ) (-448 -225 98 ) (-448 -447 98 ) 
4 158 163 (-464 -225 256 ) (-464 -48 256 ) (-464 -48 208 ) (-464 -225 208 ) 
4 158 159 (-464 -225 256 ) (-464 -225 208 ) (-448 -225 208 ) (-448 -225 256 ) 
4 159 163 (-464 -480 208 ) (-464 -480 256 ) (-464 -225 256 ) (-464 -225 208 ) 
4 160 161 (-451.257019 -447 98 ) (-451.257019 -447 190 ) (-451.257019 -225 190 ) (-451.257019 -225 98 ) 
4 161 162 (-452.257019 -447 98 ) (-452.257019 -447 190 ) (-452.257019 -225 190 ) (-452.257019 -225 98 ) 
4 162 163 (-464 -447 190 ) (-464 -225 190 ) (-464 -225 98 ) (-464 -447 98 ) 
4 163 183 (-472 -48 64 ) (-472 -480 64 ) (-472 -480 212 ) (-472 -48 212 ) 
4 163 181 (-472 -480 224 ) (-472 -480 228 ) (-472 -48 228 ) (-472 -48 224 ) 
4 163 182 (-472 -480 216 ) (-472 -480 220 ) (-472 -48 220 ) (-472 -48 216 ) 
4 163 180 (-472 -480 232 ) (-472 -480 236 ) (-472 -48 236 ) (-472 -48 232 ) 
4 163 178 (-472 -480 248 ) (-472 -480 256 ) (-472 -48 256 ) (-472 -48 248 ) 
4 163 179 (-472 -480 240 ) (-472 -480 244 ) (-472 -48 244 ) (-472 -48 240 ) 
4 163 169 (-472 -480 256 ) (-472 -480 64 ) (-464 -480 64 ) (-464 -480 256 ) 
4 164 204 (-240 -1024 256 ) (-336 -1024 256 ) (-336 -1024 176 ) (-240 -1024 176 ) 
4 164 167 (-336 -512 176 ) (-336 -1024 176 ) (-336 -1024 256 ) (-336 -512 256 ) 
4 164 166 (-336 -1024 176 ) (-336 -512 176 ) (-240 -512 176 ) (-240 -1024 176 ) 
4 165 166 (-240 -512 64 ) (-240 -512 172 ) (-336 -512 172 ) (-336 -512 64 ) 
4 166 204 (-336 -1024 176 ) (-336 -1024 64 ) (-240 -1024 64 ) (-240 -1024 176 ) 
4 166 192 (-240 -704 64 ) (-240 -1024 64 ) (-336 -1024 64 ) (-336 -704 64 ) 
4 166 167 (-336 -512 64 ) (-336 -1024 64 ) (-336 -1024 176 ) (-336 -512 176 ) 
4 167 204 (-336 -1024 256 ) (-352 -1024 256 ) (-352 -1024 64 ) (-336 -1024 64 ) 
4 167 192 (-336 -1024 64 ) (-352 -1024 64 ) (-352 -704 64 ) (-336 -704 64 ) 
4 167 176 (-352 -512 64 ) (-352 -1024 64 ) (-352 -1024 256 ) (-352 -512 256 ) 
4 168 174 (-352 -503 216 ) (-352 -503 220 ) (-464 -503 220 ) (-464 -503 216 ) 
4 168 175 (-464 -503 64 ) (-352 -503 64 ) (-352 -503 212 ) (-464 -503 212 ) 
4 168 173 (-352 -503 224 ) (-352 -503 228 ) (-464 -503 228 ) (-464 -503 224 ) 
4 168 172 (-352 -503 232 ) (-352 -503 236 ) (-464 -503 236 ) (-464 -503 232 ) 
4 168 170 (-352 -503 248 ) (-352 -503 256 ) (-464 -503 256 ) (-464 -503 248 ) 
4 168 171 (-352 -503 240 ) (-352 -503 244 ) (-464 -503 244 ) (-464 -503 240 ) 
4 168 169 (-464 -496 64 ) (-464 -503 64 ) (-464 -503 256 ) (-464 -496 256 ) 
4 169 183 (-472 -480 64 ) (-472 -503 64 ) (-472 -503 212 ) (-472 -480 212 ) 
4 169 181 (-472 -503 224 ) (-472 -503 228 ) (-472 -480 228 ) (-472 -480 224 ) 
4 169 182 (-472 -503 216 ) (-472 -503 220 ) (-472 -480 220 ) (-472 -480 216 ) 
4 169 180 (-472 -503 232 ) (-472 -503 236 ) (-472 -480 236 ) (-472 -480 232 ) 
4 169 178 (-472 -503 248 ) (-472 -503 256 ) (-472 -480 256 ) (-472 -480 248 ) 
4 169 179 (-472 -503 240 ) (-472 -503 244 ) (-472 -480 244 ) (-472 -480 240 ) 
4 169 174 (-472 -503 220 ) (-472 -503 216 ) (-464 -503 216 ) (-464 -503 220 ) 
4 169 175 (-472 -503 212 ) (-472 -503 64 ) (-464 -503 64 ) (-464 -503 212 ) 
4 169 173 (-472 -503 228 ) (-472 -503 224 ) (-464 -503 224 ) (-464 -503 228 ) 
4 169 172 (-472 -503 236 ) (-472 -503 232 ) (-464 -503 232 ) (-464 -503 236 ) 
4 169 170 (-472 -503 256 ) (-472 -503 248 ) (-464 -503 248 ) (-464 -503 256 ) 
4 169 171 (-472 -503 244 ) (-472 -503 240 ) (-464 -503 240 ) (-464 -503 244 ) 
4 170 178 (-472 -504 248 ) (-472 -504 256 ) (-472 -503 256 ) (-472 -503 248 ) 
4 170 176 (-472 -504 256 ) (-472 -504 248 ) (-352 -504 248 ) (-352 -504 256 ) 
4 171 179 (-472 -504 240 ) (-472 -504 244 ) (-472 -503 244 ) (-472 -503 240 ) 
4 171 176 (-472 -504 244 ) (-472 -504 240 ) (-352 -504 240 ) (-352 -504 244 ) 
4 172 180 (-472 -504 232 ) (-472 -504 236 ) (-472 -503 236 ) (-472 -503 232 ) 
4 172 176 (-472 -504 236 ) (-472 -504 232 ) (-352 -504 232 ) (-352 -504 236 ) 
4 173 181 (-472 -504 224 ) (-472 -504 228 ) (-472 -503 228 ) (-472 -503 224 ) 
4 173 176 (-472 -504 228 ) (-472 -504 224 ) (-352 -504 224 ) (-352 -504 228 ) 
4 174 182 (-472 -504 216 ) (-472 -504 220 ) (-472 -503 220 ) (-472 -503 216 ) 
4 174 176 (-472 -504 220 ) (-472 -504 216 ) (-352 -504 216 ) (-352 -504 220 ) 
4 175 183 (-472 -503 64 ) (-472 -504 64 ) (-472 -504 212 ) (-472 -503 212 ) 
4 175 176 (-472 -504 212 ) (-472 -504 64 ) (-352 -504 64 ) (-352 -504 212 ) 
4 176 204 (-352 -1024 256 ) (-472 -1024 256 ) (-472 -1024 64 ) (-352 -1024 64 ) 
4 176 192 (-352 -1024 64 ) (-472 -1024 64 ) (-472 -704 64 ) (-352 -704 64 ) 
4 176 184 (-472 -504 64 ) (-472 -1024 64 ) (-472 -1024 256 ) (-472 -504 256 ) 
4 177 199 (-1024 0 256 ) (-1024 0 64 ) (-1024 -48 64 ) (-1024 -48 256 ) 
4 177 188 (-1024 0 64 ) (-944 0 64 ) (-944 -48 64 ) (-1024 -48 64 ) 
4 177 186 (-672 0 64 ) (-576 0 64 ) (-624 -48 64 ) (-672 -48 64 ) 
4 177 187 (-800 0 64 ) (-672 0 64 ) (-672 -48 64 ) (-800 -48 64 ) 
4 177 185 (-1024 -48 64 ) (-512 -48 64 ) (-512 -48 256 ) (-1024 -48 256 ) 
4 178 185 (-473 -48 256 ) (-473 -48 248 ) (-473 -504 248 ) (-473 -504 256 ) 
4 178 184 (-473 -504 256 ) (-473 -504 248 ) (-472 -504 248 ) (-472 -504 256 ) 
4 179 184 (-473 -504 244 ) (-473 -504 240 ) (-472 -504 240 ) (-472 -504 244 ) 
4 179 185 (-473 -48 244 ) (-473 -48 240 ) (-473 -504 240 ) (-473 -504 244 ) 
4 180 185 (-473 -48 236 ) (-473 -48 232 ) (-473 -504 232 ) (-473 -504 236 ) 
4 180 184 (-473 -504 236 ) (-473 -504 232 ) (-472 -504 232 ) (-472 -504 236 ) 
4 181 184 (-473 -504 228 ) (-473 -504 224 ) (-472 -504 224 ) (-472 -504 228 ) 
4 181 185 (-473 -48 228 ) (-473 -48 224 ) (-473 -504 224 ) (-473 -504 228 ) 
4 182 185 (-473 -48 220 ) (-473 -48 216 ) (-473 -504 216 ) (-473 -504 220 ) 
4 182 184 (-473 -504 220 ) (-473 -504 216 ) (-472 -504 216 ) (-472 -504 220 ) 
4 183 184 (-473 -504 212 ) (-473 -504 64 ) (-472 -504 64 ) (-472 -504 212 ) 
4 183 185 (-473 -48 212 ) (-473 -48 64 ) (-473 -504 64 ) (-473 -504 212 ) 
4 184 204 (-472 -1024 256 ) (-473 -1024 256 ) (-473 -1024 64 ) (-472 -1024 64 ) 
4 184 192 (-472 -704 64 ) (-472 -1024 64 ) (-473 -1024 64 ) (-473 -704 64 ) 
4 184 185 (-473 -504 64 ) (-473 -1024 64 ) (-473 -1024 256 ) (-473 -504 256 ) 
4 185 204 (-473 -1024 256 ) (-1024 -1024 256 ) (-1024 -1024 64 ) (-473 -1024 64 ) 
4 185 199 (-1024 -48 64 ) (-1024 -1024 64 ) (-1024 -1024 256 ) (-1024 -48 256 ) 
3 185 196 (-816 -848 64 ) (-944 -848 64 ) (-944 -720 64 ) 
4 185 195 (-800 -704 64 ) (-672 -704 64 ) (-672 -848 64 ) (-800 -848 64 ) 
4 185 197 (-1024 -848 64 ) (-1024 -704 64 ) (-944 -704 64 ) (-944 -848 64 ) 
4 185 198 (-672 -1024 64 ) (-1024 -1024 64 ) (-1024 -848 64 ) (-672 -848 64 ) 
4 185 194 (-544 -1024 64 ) (-672 -1024 64 ) (-672 -720 64 ) (-544 -848 64 ) 
4 185 193 (-528 -1024 64 ) (-544 -1024 64 ) (-544 -976 64 ) (-528 -976 64 ) 
4 185 192 (-473 -1024 64 ) (-528 -1024 64 ) (-528 -704 64 ) (-473 -704 64 ) 
4 185 190 (-800 -688 64 ) (-672 -688 64 ) (-672 -704 64 ) (-800 -704 64 ) 
4 185 191 (-1024 -704 64 ) (-1024 -688 64 ) (-944 -688 64 ) (-944 -704 64 ) 
4 185 189 (-1024 -688 64 ) (-1024 -560 64 ) (-544 -560 64 ) (-544 -688 64 ) 
4 185 188 (-1024 -560 64 ) (-1024 -48 64 ) (-944 -48 64 ) (-944 -560 64 ) 
3 185 186 (-672 -48 64 ) (-624 -48 64 ) (-672 -96 64 ) 
4 185 187 (-800 -48 64 ) (-672 -48 64 ) (-672 -560 64 ) (-800 -560 64 ) 
4 186 187 (-672 0 48 ) (-672 -96 48 ) (-672 -96 64 ) (-672 0 64 ) 
4 187 189 (-800 -560 48 ) (-672 -560 48 ) (-672 -560 64 ) (-800 -560 64 ) 
4 188 199 (-1024 0 64 ) (-1024 0 48 ) (-1024 -560 48 ) (-1024 -560 64 ) 
4 188 189 (-1024 -560 48 ) (-944 -560 48 ) (-944 -560 64 ) (-1024 -560 64 ) 
4 189 199 (-1024 -560 48 ) (-1024 -688 48 ) (-1024 -688 64 ) (-1024 -560 64 ) 
4 189 190 (-800 -688 48 ) (-672 -688 48 ) (-672 -688 64 ) (-800 -688 64 ) 
4 189 191 (-1024 -688 48 ) (-944 -688 48 ) (-944 -688 64 ) (-1024 -688 64 ) 
4 190 195 (-800 -704 48 ) (-672 -704 48 ) (-672 -704 64 ) (-800 -704 64 ) 
4 191 199 (-1024 -688 48 ) (-1024 -704 48 ) (-1024 -704 64 ) (-1024 -688 64 ) 
4 191 197 (-1024 -704 48 ) (-944 -704 48 ) (-944 -704 64 ) (-1024 -704 64 ) 
4 192 205 (0 -1024 48 ) (0 -1024 64 ) (-528 -1024 64 ) (-528 -1024 48 ) 
4 192 193 (-528 -976 48 ) (-528 -1024 48 ) (-528 -1024 64 ) (-528 -976 64 ) 
4 193 205 (-528 -1024 64 ) (-544 -1024 64 ) (-544 -1024 48 ) (-528 -1024 48 ) 
4 193 194 (-544 -976 48 ) (-544 -1024 48 ) (-544 -1024 64 ) (-544 -976 64 ) 
4 194 205 (-544 -1024 64 ) (-672 -1024 64 ) (-672 -1024 48 ) (-544 -1024 48 ) 
4 194 195 (-672 -720 48 ) (-672 -848 48 ) (-672 -848 64 ) (-672 -720 64 ) 
4 194 198 (-672 -848 48 ) (-672 -1024 48 ) (-672 -1024 64 ) (-672 -848 64 ) 
4 195 198 (-800 -848 48 ) (-672 -848 48 ) (-672 -848 64 ) (-800 -848 64 ) 
4 196 198 (-944 -848 48 ) (-816 -848 48 ) (-816 -848 64 ) (-944 -848 64 ) 
4 196 197 (-944 -720 48 ) (-944 -848 48 ) (-944 -848 64 ) (-944 -720 64 ) 
4 197 199 (-1024 -704 48 ) (-1024 -848 48 ) (-1024 -848 64 ) (-1024 -704 64 ) 
4 197 198 (-1024 -848 48 ) (-944 -848 48 ) (-944 -848 64 ) (-1024 -848 64 ) 
4 198 205 (-672 -1024 64 ) (-1024 -1024 64 ) (-1024 -1024 48 ) (-672 -1024 48 ) 
4 198 199 (-1024 -848 48 ) (-1024 -1024 48 ) (-1024 -1024 64 ) (-1024 -848 64 ) 
4 199 210 (-1024 -1024 48 ) (-1024 -1024 64 ) (-1328 -1024 64 ) (-1328 -1024 48 ) 
4 199 209 (-1024 -1024 64 ) (-1024 -1024 736 ) (-1328 -1024 736 ) (-1328 -1024 64 ) 
4 199 201 (-1328 -1024 64 ) (-1328 -1024 136.001923 ) (-1328 0 136.001953 ) (-1328 0 64 ) 
4 199 200 (-1328 -1024 136.001923 ) (-1328 -1024 736 ) (-1328 0 736 ) (-1328 0 136.001953 ) 
5 200 211 (-1328 -1024 736 ) (-2048 -1024 736 ) (-2048 -1024 48 ) (-1504.003906 -1024 48 ) (-1328 -1024 136.001923 ) 
4 200 203 (-2048 -1024 48 ) (-2048 -1024 736 ) (-2048 0 736 ) (-2048 0 48 ) 
4 200 201 (-1472.003906 0 64 ) (-1328 0 136.001953 ) (-1328 -1024 136.001953 ) (-1472.003906 -1024 64 ) 
3 201 212 (-1328 -1024 64 ) (-1328 -1024 136.001923 ) (-1472.003906 -1024 64 ) 
4 202 203 (-2048 0 48 ) (-2048 0 736 ) (-2464 0 736 ) (-2464 0 48 ) 
4 203 220 (-2048 -1024 48 ) (-2048 -1024 736 ) (-2464 -1024 736 ) (-2464 -1024 48 ) 
4 204 218 (0 -2048 64 ) (0 -2048 736 ) (-1024 -2048 736 ) (-1024 -2048 64 ) 
4 204 213 (-1024 -1360 64 ) (-1024 -2048 64 ) (-1024 -2048 736 ) (-1024 -1360 736 ) 
4 204 209 (-1024 -1024 736 ) (-1024 -1024 64 ) (-1024 -1360 64 ) (-1024 -1360 736 ) 
4 204 208 (-1024 -2048 64 ) (-1024 -1376 64 ) (0 -1376 64 ) (0 -2048 64 ) 
4 204 207 (-800 -1104 64 ) (0 -1104 64 ) (0 -1360 64 ) (-800 -1360 64 ) 
3 204 206 (-1024 -1312 64 ) (-1024 -1104 64 ) (-816 -1104 64 ) 
4 204 205 (-1024 -1104 64 ) (-1024 -1024 64 ) (0 -1024 64 ) (0 -1104 64 ) 
4 205 210 (-1024 -1024 64 ) (-1024 -1024 48 ) (-1024 -1104 48 ) (-1024 -1104 64 ) 
4 205 207 (-800 -1104 48 ) (0 -1104 48 ) (0 -1104 64 ) (-800 -1104 64 ) 
4 205 206 (-1024 -1104 48 ) (-816 -1104 48 ) (-816 -1104 64 ) (-1024 -1104 64 ) 
4 206 210 (-1024 -1104 48 ) (-1024 -1312 48 ) (-1024 -1312 64 ) (-1024 -1104 64 ) 
4 208 218 (0 -2048 48 ) (0 -2048 64 ) (-1024 -2048 64 ) (-1024 -2048 48 ) 
4 208 214 (-1024 -1376 48 ) (-1024 -2048 48 ) (-1024 -2048 64 ) (-1024 -1376 64 ) 
4 209 213 (-1024 -1360 64 ) (-1024 -1360 736 ) (-1328 -1360 736 ) (-1328 -1360 64 ) 
4 209 212 (-1328 -1360 64 ) (-1328 -1360 136.001892 ) (-1328 -1024 136.001892 ) (-1328 -1024 64 ) 
4 209 211 (-1328 -1360 136.001892 ) (-1328 -1360 736 ) (-1328 -1024 736 ) (-1328 -1024 136.001892 ) 
5 209 210 (-1072 -1360 64 ) (-1328 -1360 64 ) (-1328 -1024 64 ) (-1024 -1024 64 ) (-1024 -1312 64 ) 
4 210 216 (-1328 -1360 48 ) (-1072 -1360 48 ) (-1072 -1360 64 ) (-1328 -1360 64 ) 
4 211 220 (-2048 -1024 736 ) (-2048 -1024 48 ) (-2048 -1360 48 ) (-2048 -1360 736 ) 
4 211 217 (-2048 -1360 64 ) (-2048 -1360 48 ) (-1504.003906 -1360 48 ) (-1472.003906 -1360 64 ) 
5 211 213 (-2048 -1360 736 ) (-2048 -1360 64 ) (-1472.003906 -1360 64 ) (-1328 -1360 136.001923 ) (-1328 -1360 736 ) 
4 211 212 (-1328 -1024 136.001953 ) (-1328 -1360 136.001953 ) (-1472.003906 -1360 64 ) (-1472.003906 -1024 64 ) 
3 212 213 (-1328 -1360 64 ) (-1328 -1360 136.001923 ) (-1472.003906 -1360 64 ) 
4 213 220 (-2048 -2048 64 ) (-2048 -2048 736 ) (-2048 -1360 736 ) (-2048 -1360 64 ) 
4 213 219 (-1024 -2048 64 ) (-1024 -2048 736 ) (-2048 -2048 736 ) (-2048 -2048 64 ) 
4 213 215 (-2048 -1360 64 ) (-1072 -1360 64 ) (-1072 -2048 64 ) (-2048 -2048 64 ) 
4 213 214 (-1024 -1376 64 ) (-1024 -2048 64 ) (-1072 -2048 64 ) (-1072 -1376 64 ) 
4 214 219 (-1024 -2048 48 ) (-1024 -2048 64 ) (-1072 -2048 64 ) (-1072 -2048 48 ) 
3 214 216 (-1072 -1376 56 ) (-1072 -1376 48 ) (-1072 -1392 48 ) 
5 214 215 (-1072 -2048 64 ) (-1072 -1376 64 ) (-1072 -1376 56 ) (-1072 -1392 48 ) (-1072 -2048 48 ) 
4 215 220 (-2048 -1392 48 ) (-2048 -2048 48 ) (-2048 -2048 64 ) (-2048 -1360 64 ) 
4 215 219 (-1072 -2048 64 ) (-2048 -2048 64 ) (-2048 -2048 48 ) (-1072 -2048 48 ) 
4 215 217 (-2048 -1360 64 ) (-1472.003784 -1360 64 ) (-1504.003784 -1392 48 ) (-2048 -1392 48 ) 
4 215 216 (-1328 -1360 64 ) (-1072 -1360 64 ) (-1072 -1392 48 ) (-1328 -1392 48 ) 
3 217 220 (-2048 -1360 48 ) (-2048 -1392 48 ) (-2048 -1360 64 ) 
4 218 219 (-1024 -2912 48 ) (-1024 -2912 736 ) (-1024 -2048 736 ) (-1024 -2048 48 ) 
4 219 221 (-2048 -2912 48 ) (-2048 -2912 736 ) (-2048 -2048 736 ) (-2048 -2048 48 ) 
4 220 221 (-2048 -2048 48 ) (-2048 -2048 736 ) (-2464 -2048 736 ) (-2464 -2048 48 ) 
