PRT1
268
796
4 0 2 (1272 2048 1104 ) (1024 2048 1104 ) (1024 2048 -632 ) (1272 2048 -632 ) 
4 0 1 (1024 2048 -632 ) (1024 2048 1104 ) (1024 2392 1104 ) (1024 2392 -632 ) 
4 1 35 (0 2048 -632 ) (0 2048 1104 ) (0 2392 1104 ) (0 2392 -632 ) 
4 1 3 (1024 2048 -632 ) (1024 2048 1104 ) (0 2048 1104 ) (0 2048 -632 ) 
4 2 50 (1272 1024 1104 ) (1024 1024 1104 ) (1024 1024 -632 ) (1272 1024 -632 ) 
4 2 34 (1024 1408 -632 ) (1024 1024 -632 ) (1024 1024 0 ) (1024 1408 0 ) 
4 2 31 (1024 1024 0 ) (1024 1024 64 ) (1024 1408 64 ) (1024 1408 0 ) 
4 2 19 (1024 1024 64 ) (1024 1024 320 ) (1024 1152 320 ) (1024 1152 64 ) 
4 2 15 (1024 1152 320 ) (1024 1408 320 ) (1024 1408 64 ) (1024 1152 64 ) 
4 2 14 (1024 1024 320 ) (1024 1024 384 ) (1024 1152 384 ) (1024 1152 320 ) 
4 2 13 (1024 1152 384 ) (1024 1408 384 ) (1024 1408 320 ) (1024 1152 320 ) 
4 2 12 (1024 1024 384 ) (1024 1024 1104 ) (1024 1408 1104 ) (1024 1408 384 ) 
4 2 11 (1024 1424 -632 ) (1024 1408 -632 ) (1024 1408 64 ) (1024 1424 64 ) 
4 2 7 (1024 1408 64 ) (1024 1408 180 ) (1024 1424 180 ) (1024 1424 64 ) 
4 2 5 (1024 1408 180 ) (1024 1408 320 ) (1024 1424 320 ) (1024 1424 180 ) 
4 2 4 (1024 1408 320 ) (1024 1408 1104 ) (1024 1424 1104 ) (1024 1424 320 ) 
4 2 3 (1024 2048 1104 ) (1024 2048 -632 ) (1024 1424 -632 ) (1024 1424 1104 ) 
4 3 44 (0 1424 -632 ) (0 1424 128 ) (0 2048 128 ) (0 2048 -632 ) 
4 3 40 (0 1424 128 ) (0 1424 320 ) (0 2048 320 ) (0 2048 128 ) 
4 3 38 (0 1424 320 ) (0 1424 384 ) (0 2048 384 ) (0 2048 320 ) 
4 3 37 (0 1424 384 ) (0 1424 1104 ) (0 2048 1104 ) (0 2048 384 ) 
4 3 11 (0 1424 64 ) (0 1424 -632 ) (1024 1424 -632 ) (1024 1424 64 ) 
4 3 10 (0 1424 180 ) (0 1424 64 ) (128 1424 64 ) (128 1424 180 ) 
4 3 9 (388 1424 64 ) (444 1424 64 ) (444 1424 176 ) (388 1424 176 ) 
4 3 7 (512 1424 64 ) (1024 1424 64 ) (1024 1424 180 ) (512 1424 180 ) 
4 3 6 (0 1424 320 ) (0 1424 180 ) (128 1424 180 ) (128 1424 320 ) 
4 3 5 (512 1424 180 ) (1024 1424 180 ) (1024 1424 320 ) (512 1424 320 ) 
4 3 4 (0 1424 1104 ) (0 1424 320 ) (1024 1424 320 ) (1024 1424 1104 ) 
4 4 38 (0 1408 320 ) (0 1408 384 ) (0 1424 384 ) (0 1424 320 ) 
4 4 37 (0 1408 384 ) (0 1408 1104 ) (0 1424 1104 ) (0 1424 384 ) 
4 4 13 (1024 1408 320 ) (1024 1408 384 ) (512 1408 384 ) (512 1408 320 ) 
4 4 12 (1024 1408 384 ) (1024 1408 1104 ) (0 1408 1104 ) (0 1408 384 ) 
4 4 6 (128 1408 320 ) (0 1408 320 ) (0 1424 320 ) (128 1424 320 ) 
4 4 5 (1024 1408 320 ) (512 1408 320 ) (512 1424 320 ) (1024 1424 320 ) 
4 5 15 (1024 1408 180 ) (1024 1408 320 ) (528 1408 320 ) (528 1408 180 ) 
4 5 7 (1024 1408 180 ) (512 1408 180 ) (512 1424 180 ) (1024 1424 180 ) 
4 6 40 (0 1408 180 ) (0 1408 320 ) (0 1424 320 ) (0 1424 180 ) 
4 6 18 (64 1408 320 ) (0 1408 320 ) (0 1408 180 ) (64 1408 180 ) 
4 6 10 (128 1408 180 ) (0 1408 180 ) (0 1424 180 ) (128 1424 180 ) 
4 7 15 (1024 1408 64 ) (1024 1408 180 ) (528 1408 180 ) (528 1408 64 ) 
4 7 11 (1024 1408 64 ) (512 1408 64 ) (512 1424 64 ) (1024 1424 64 ) 
4 8 11 (444 1412 64 ) (444 1420 64 ) (448 1420 64 ) (448 1412 64 ) 
4 8 9 (444 1420 64 ) (444 1412 64 ) (444 1412 176 ) (444 1420 176 ) 
4 9 16 (388 1408 176 ) (388 1408 64 ) (444 1408 64 ) (444 1408 176 ) 
4 9 11 (444 1408 64 ) (388 1408 64 ) (388 1424 64 ) (444 1424 64 ) 
4 10 44 (0 1408 64 ) (0 1408 128 ) (0 1424 128 ) (0 1424 64 ) 
4 10 40 (0 1408 128 ) (0 1408 180 ) (0 1424 180 ) (0 1424 128 ) 
4 10 18 (64 1408 180 ) (0 1408 180 ) (0 1408 128 ) (64 1408 128 ) 
4 10 11 (128 1408 64 ) (0 1408 64 ) (0 1424 64 ) (128 1424 64 ) 
4 11 44 (0 1408 -632 ) (0 1408 64 ) (0 1424 64 ) (0 1424 -632 ) 
4 11 34 (1024 1408 -632 ) (1024 1408 0 ) (0 1408 0 ) (0 1408 -632 ) 
4 11 33 (128 1408 64 ) (0 1408 64 ) (0 1408 0 ) (128 1408 0 ) 
4 11 31 (1024 1408 0 ) (1024 1408 64 ) (512 1408 64 ) (512 1408 0 ) 
4 12 51 (1024 1024 384 ) (1024 1024 1104 ) (0 1024 1104 ) (0 1024 384 ) 
4 12 37 (0 1024 384 ) (0 1024 1104 ) (0 1408 1104 ) (0 1408 384 ) 
4 12 14 (1024 1024 384 ) (384 1024 384 ) (384 1152 384 ) (1024 1152 384 ) 
4 12 13 (512 1408 384 ) (1024 1408 384 ) (1024 1152 384 ) (512 1152 384 ) 
4 13 15 (528 1408 320 ) (1024 1408 320 ) (1024 1152 320 ) (528 1152 320 ) 
4 13 14 (512 1152 320 ) (1024 1152 320 ) (1024 1152 384 ) (512 1152 384 ) 
4 14 52 (1024 1024 320 ) (1024 1024 384 ) (384 1024 384 ) (384 1024 320 ) 
4 14 21 (448 1024 320 ) (384 1024 320 ) (384 1136 320 ) (448 1136 320 ) 
4 14 20 (512 1024 320 ) (448 1024 320 ) (448 1136 320 ) (512 1136 320 ) 
4 14 19 (1024 1152 320 ) (1024 1024 320 ) (512 1024 320 ) (512 1152 320 ) 
4 15 31 (528 1408 64 ) (1024 1408 64 ) (1024 1152 64 ) (528 1152 64 ) 
4 15 19 (528 1152 64 ) (1024 1152 64 ) (1024 1152 320 ) (528 1152 320 ) 
4 16 28 (290 1152 64 ) (384 1152 64 ) (384 1152 320 ) (290 1152 320 ) 
4 16 27 (128 1152 64 ) (290 1152 64 ) (290 1152 320 ) (128 1152 320 ) 
4 16 24 (388 1152 64 ) (444 1152 64 ) (444 1152 176 ) (388 1152 176 ) 
4 16 17 (128 1152 128 ) (128 1152 320 ) (128 1344 320 ) (128 1344 128 ) 
4 17 30 (128 1152 128 ) (128 1152 320 ) (64 1152 320 ) (64 1152 128 ) 
4 17 18 (64 1152 128 ) (64 1152 320 ) (64 1344 320 ) (64 1344 128 ) 
4 18 40 (0 1152 320 ) (0 1408 320 ) (0 1408 128 ) (0 1152 128 ) 
4 18 30 (64 1152 128 ) (64 1152 320 ) (0 1152 320 ) (0 1152 128 ) 
4 19 72 (1024 1024 64 ) (1024 1024 192 ) (512 1024 192 ) (512 1024 64 ) 
4 19 62 (1024 1024 192 ) (1024 1024 320 ) (512 1024 320 ) (512 1024 192 ) 
4 19 31 (1024 1024 64 ) (512 1024 64 ) (512 1152 64 ) (1024 1152 64 ) 
4 19 20 (512 1136 64 ) (512 1024 64 ) (512 1024 320 ) (512 1136 320 ) 
4 20 72 (448 1024 192 ) (448 1024 64 ) (512 1024 64 ) (512 1024 192 ) 
4 20 62 (512 1024 320 ) (448 1024 320 ) (448 1024 192 ) (512 1024 192 ) 
4 20 32 (512 1024 64 ) (448 1024 64 ) (448 1136 64 ) (512 1136 64 ) 
4 20 23 (448 1136 64 ) (448 1024 64 ) (448 1024 180 ) (448 1136 180 ) 
4 20 21 (448 1024 180 ) (448 1024 320 ) (448 1136 320 ) (448 1136 180 ) 
4 21 72 (384 1024 192 ) (384 1024 180 ) (448 1024 180 ) (448 1024 192 ) 
4 21 62 (448 1024 320 ) (384 1024 320 ) (384 1024 192 ) (448 1024 192 ) 
4 21 26 (384 1024 180 ) (384 1136 180 ) (388 1136 180 ) (388 1024 180 ) 
4 21 25 (388 1136 180 ) (444 1136 180 ) (444 1024 180 ) (388 1024 180 ) 
4 21 23 (444 1136 180 ) (448 1136 180 ) (448 1024 180 ) (444 1024 180 ) 
4 22 32 (444 1140 64 ) (444 1148 64 ) (448 1148 64 ) (448 1140 64 ) 
4 22 24 (444 1148 176 ) (444 1148 64 ) (444 1140 64 ) (444 1140 176 ) 
4 23 72 (444 1024 64 ) (448 1024 64 ) (448 1024 180 ) (444 1024 180 ) 
4 23 32 (448 1024 64 ) (444 1024 64 ) (444 1136 64 ) (448 1136 64 ) 
4 23 25 (444 1024 180 ) (444 1136 180 ) (444 1136 64 ) (444 1024 64 ) 
4 24 32 (388 1136 64 ) (388 1152 64 ) (444 1152 64 ) (444 1136 64 ) 
4 24 25 (388 1136 176 ) (388 1136 64 ) (444 1136 64 ) (444 1136 176 ) 
4 25 72 (388 1024 64 ) (444 1024 64 ) (444 1024 180 ) (388 1024 180 ) 
4 25 32 (444 1024 64 ) (388 1024 64 ) (388 1136 64 ) (444 1136 64 ) 
4 25 26 (388 1024 180 ) (388 1136 180 ) (388 1136 64 ) (388 1024 64 ) 
4 26 72 (384 1024 180 ) (384 1024 64 ) (388 1024 64 ) (388 1024 180 ) 
4 26 32 (388 1024 64 ) (384 1024 64 ) (384 1136 64 ) (388 1136 64 ) 
4 27 76 (128 1024 128 ) (128 1024 64 ) (256 1024 64 ) (256 1024 128 ) 
4 27 74 (128 1024 192 ) (128 1024 128 ) (256 1024 128 ) (256 1024 192 ) 
4 27 64 (256 1024 320 ) (128 1024 320 ) (128 1024 192 ) (256 1024 192 ) 
4 27 30 (128 1152 320 ) (128 1152 128 ) (128 1024 128 ) (128 1024 320 ) 
4 27 29 (273 1088 64 ) (282.864807 1125.135986 64 ) (282.864807 1125.135986 320 ) (273 1088 320 ) 
4 27 28 (282.864807 1125.135986 64 ) (290 1152 64 ) (290 1152 320 ) (282.864807 1125.135986 320 ) 
4 28 29 (282.861328 1125.135254 320 ) (282.861328 1125.135254 64 ) (320 1135 64 ) (320 1135 320 ) 
4 30 79 (0 1024 192 ) (0 1024 128 ) (64 1024 128 ) (64 1024 192 ) 
4 30 66 (64 1024 320 ) (0 1024 320 ) (0 1024 192 ) (64 1024 192 ) 
4 30 40 (0 1024 128 ) (0 1024 320 ) (0 1152 320 ) (0 1152 128 ) 
4 31 84 (1024 1024 0 ) (1024 1024 64 ) (512 1024 64 ) (512 1024 0 ) 
4 31 34 (512 1408 0 ) (1024 1408 0 ) (1024 1024 0 ) (512 1024 0 ) 
4 31 32 (512 1152 0 ) (512 1024 0 ) (512 1024 64 ) (512 1152 64 ) 
4 32 84 (512 1024 64 ) (384 1024 64 ) (384 1024 0 ) (512 1024 0 ) 
4 32 34 (512 1152 0 ) (512 1024 0 ) (384 1024 0 ) (384 1152 0 ) 
4 33 86 (128 1024 64 ) (0 1024 64 ) (0 1024 0 ) (128 1024 0 ) 
4 33 45 (0 1024 0 ) (0 1024 64 ) (0 1408 64 ) (0 1408 0 ) 
4 33 34 (0 1408 0 ) (128 1408 0 ) (128 1024 0 ) (0 1024 0 ) 
4 34 86 (128 1024 0 ) (0 1024 0 ) (0 1024 -632 ) (128 1024 -632 ) 
4 34 85 (256 1024 0 ) (128 1024 0 ) (128 1024 -632 ) (256 1024 -632 ) 
4 34 84 (1024 1024 -632 ) (1024 1024 0 ) (256 1024 0 ) (256 1024 -632 ) 
4 34 45 (0 1024 -632 ) (0 1024 0 ) (0 1408 0 ) (0 1408 -632 ) 
4 35 44 (0 2048 -632 ) (0 2048 128 ) (-128 2048 128 ) (-128 2048 -632 ) 
4 35 46 (-128 2048 128 ) (-1024 2048 128 ) (-1024 2048 -632 ) (-128 2048 -632 ) 
4 35 41 (-64 2048 320 ) (-128 2048 320 ) (-128 2048 128 ) (-64 2048 128 ) 
4 35 40 (0 2048 128 ) (0 2048 320 ) (-64 2048 320 ) (-64 2048 128 ) 
4 35 43 (-128 2048 320 ) (-1024 2048 320 ) (-1024 2048 128 ) (-128 2048 128 ) 
4 35 38 (0 2048 320 ) (0 2048 384 ) (-128 2048 384 ) (-128 2048 320 ) 
4 35 39 (-128 2048 384 ) (-1024 2048 384 ) (-1024 2048 320 ) (-128 2048 320 ) 
4 35 37 (0 2048 384 ) (0 2048 1104 ) (-1024 2048 1104 ) (-1024 2048 384 ) 
4 35 36 (-1024 2392 -632 ) (-1024 2048 -632 ) (-1024 2048 1104 ) (-1024 2392 1104 ) 
4 36 48 (-2048 2048 -632 ) (-2048 2048 1104 ) (-2048 2392 1104 ) (-2048 2392 -632 ) 
4 36 47 (-2048 2048 1104 ) (-2048 2048 -632 ) (-1024 2048 -632 ) (-1024 2048 1104 ) 
4 37 127 (-128 1024 1104 ) (-1024 1024 1104 ) (-1024 1024 384 ) (-128 1024 384 ) 
4 37 121 (0 1024 384 ) (0 1024 1104 ) (-128 1024 1104 ) (-128 1024 384 ) 
4 37 47 (-1024 2048 1104 ) (-1024 2048 384 ) (-1024 1024 384 ) (-1024 1024 1104 ) 
4 37 38 (-128 2048 384 ) (0 2048 384 ) (0 1408 384 ) (-128 1408 384 ) 
4 37 39 (-1024 2048 384 ) (-128 2048 384 ) (-128 1024 384 ) (-1024 1024 384 ) 
4 38 41 (-128 1408 320 ) (-128 2048 320 ) (-64 2048 320 ) (-64 1408 320 ) 
4 38 40 (-64 2048 320 ) (0 2048 320 ) (0 1408 320 ) (-64 1408 320 ) 
4 38 39 (-128 2048 320 ) (-128 1408 320 ) (-128 1408 384 ) (-128 2048 384 ) 
4 39 130 (-192 1024 384 ) (-384 1024 384 ) (-384 1024 320 ) (-192 1024 320 ) 
4 39 131 (-384 1024 384 ) (-1024 1024 384 ) (-1024 1024 320 ) (-384 1024 320 ) 
4 39 128 (-128 1024 384 ) (-192 1024 384 ) (-192 1024 320 ) (-128 1024 320 ) 
4 39 47 (-1024 2048 384 ) (-1024 2048 320 ) (-1024 1024 320 ) (-1024 1024 384 ) 
4 39 43 (-128 1024 320 ) (-1024 1024 320 ) (-1024 2048 320 ) (-128 2048 320 ) 
4 40 134 (0 1024 128 ) (0 1024 320 ) (-64 1024 320 ) (-64 1024 128 ) 
4 40 44 (-64 2048 128 ) (0 2048 128 ) (0 1408 128 ) (-64 1408 128 ) 
4 40 41 (-64 2048 128 ) (-64 1408 128 ) (-64 1408 320 ) (-64 2048 320 ) 
4 40 42 (-64 1344 128 ) (-64 1024 128 ) (-64 1024 320 ) (-64 1344 320 ) 
4 41 44 (-128 2048 128 ) (-64 2048 128 ) (-64 1408 128 ) (-128 1408 128 ) 
4 41 43 (-128 2048 128 ) (-128 1408 128 ) (-128 1408 320 ) (-128 2048 320 ) 
4 42 134 (-64 1024 320 ) (-128 1024 320 ) (-128 1024 128 ) (-64 1024 128 ) 
4 42 43 (-128 1344 128 ) (-128 1024 128 ) (-128 1024 320 ) (-128 1344 320 ) 
4 43 139 (-144 1024 320 ) (-384 1024 320 ) (-384 1024 128 ) (-144 1024 128 ) 
4 43 141 (-384 1024 320 ) (-1024 1024 320 ) (-1024 1024 128 ) (-384 1024 128 ) 
4 43 138 (-128 1024 320 ) (-144 1024 320 ) (-144 1024 128 ) (-128 1024 128 ) 
4 43 47 (-1024 2048 320 ) (-1024 2048 128 ) (-1024 1024 128 ) (-1024 1024 320 ) 
4 43 46 (-1024 2048 128 ) (-128 2048 128 ) (-128 1024 128 ) (-1024 1024 128 ) 
4 44 45 (-128 1408 64 ) (-128 1408 -632 ) (0 1408 -632 ) (0 1408 64 ) 
4 44 46 (-128 2048 -632 ) (-128 1408 -632 ) (-128 1408 128 ) (-128 2048 128 ) 
4 45 158 (0 1024 -632 ) (0 1024 64 ) (-128 1024 64 ) (-128 1024 -632 ) 
4 45 46 (-128 1408 -632 ) (-128 1024 -632 ) (-128 1024 64 ) (-128 1408 64 ) 
4 46 158 (-1024 1024 64 ) (-1024 1024 -632 ) (-128 1024 -632 ) (-128 1024 64 ) 
4 46 139 (-144 1024 128 ) (-384 1024 128 ) (-384 1024 64 ) (-144 1024 64 ) 
4 46 141 (-384 1024 128 ) (-1024 1024 128 ) (-1024 1024 64 ) (-384 1024 64 ) 
4 46 138 (-128 1024 128 ) (-144 1024 128 ) (-144 1024 64 ) (-128 1024 64 ) 
4 46 47 (-1024 2048 128 ) (-1024 2048 -632 ) (-1024 1024 -632 ) (-1024 1024 128 ) 
4 47 166 (-1024 1024 -632 ) (-1024 1024 1104 ) (-2048 1024 1104 ) (-2048 1024 -632 ) 
4 47 49 (-2048 1024 -632 ) (-2048 1024 1104 ) (-2048 2048 1104 ) (-2048 2048 -632 ) 
4 48 49 (-2048 2048 -632 ) (-2048 2048 1104 ) (-2688 2048 1104 ) (-2688 2048 -632 ) 
4 49 263 (-2048 1024 -632 ) (-2048 1024 1104 ) (-2688 1024 1104 ) (-2688 1024 -632 ) 
4 50 88 (1272 0 1104 ) (1024 0 1104 ) (1024 0 -632 ) (1272 0 -632 ) 
4 50 84 (1024 1024 64 ) (1024 1024 -632 ) (1024 0 -632 ) (1024 0 64 ) 
4 50 72 (1024 1024 192 ) (1024 1024 64 ) (1024 0 64 ) (1024 0 192 ) 
4 50 68 (1024 192 192 ) (1024 0 192 ) (1024 0 320 ) (1024 192 320 ) 
4 50 62 (1024 1024 320 ) (1024 1024 192 ) (1024 192 192 ) (1024 192 320 ) 
4 50 60 (1024 192 320 ) (1024 0 320 ) (1024 0 336 ) (1024 192 336 ) 
4 50 57 (1024 0 336 ) (1024 0 352 ) (1024 192 352 ) (1024 192 336 ) 
4 50 56 (1024 0 352 ) (1024 0 1104 ) (1024 192 1104 ) (1024 192 352 ) 
4 50 52 (1024 1024 384 ) (1024 1024 320 ) (1024 192 320 ) (1024 192 384 ) 
4 50 51 (1024 1024 1104 ) (1024 1024 384 ) (1024 192 384 ) (1024 192 1104 ) 
4 51 121 (0 1024 1104 ) (0 1024 384 ) (0 192 384 ) (0 192 1104 ) 
4 51 56 (1024 192 384 ) (1024 192 1104 ) (0 192 1104 ) (0 192 384 ) 
4 51 55 (40 192 384 ) (0 192 384 ) (0 216 384 ) (40 216 384 ) 
4 51 54 (0 216 384 ) (0 256 384 ) (40 256 384 ) (40 216 384 ) 
4 51 53 (256 192 384 ) (40 192 384 ) (40 256 384 ) (256 256 384 ) 
4 51 52 (1024 192 384 ) (256 192 384 ) (256 1024 384 ) (1024 1024 384 ) 
4 52 63 (272 256 320 ) (272 192 320 ) (256 192 320 ) (256 256 320 ) 
4 52 62 (272 1024 320 ) (1024 1024 320 ) (1024 192 320 ) (272 192 320 ) 
4 52 60 (256 192 320 ) (1024 192 320 ) (1024 192 336 ) (256 192 336 ) 
4 52 57 (1024 192 336 ) (1024 192 352 ) (256 192 352 ) (256 192 336 ) 
4 52 56 (1024 192 352 ) (1024 192 384 ) (256 192 384 ) (256 192 352 ) 
4 52 53 (256 256 320 ) (256 192 320 ) (256 192 384 ) (256 256 384 ) 
4 53 67 (256 224 320 ) (256 192 320 ) (40 192 320 ) (40 224 320 ) 
4 53 61 (96 192 320 ) (192 192 320 ) (192 192 336 ) (96 192 336 ) 
4 53 60 (192 192 320 ) (256 192 320 ) (256 192 336 ) (192 192 336 ) 
4 53 58 (168 192 352 ) (72 192 352 ) (72 192 336 ) (168 192 336 ) 
4 53 57 (256 192 336 ) (256 192 352 ) (168 192 352 ) (168 192 336 ) 
4 53 59 (72 192 352 ) (40 192 352 ) (40 192 336 ) (72 192 336 ) 
4 53 56 (256 192 352 ) (256 192 384 ) (40 192 384 ) (40 192 352 ) 
4 53 55 (40 192 336 ) (40 192 384 ) (40 216 384 ) (40 216 336 ) 
4 53 54 (40 256 384 ) (40 256 320 ) (40 216 320 ) (40 216 384 ) 
4 54 122 (0 256 320 ) (0 216 320 ) (0 216 384 ) (0 256 384 ) 
4 54 67 (0 216 320 ) (0 224 320 ) (40 224 320 ) (40 216 320 ) 
4 54 55 (40 216 336 ) (40 216 384 ) (0 216 384 ) (0 216 336 ) 
4 55 123 (0 192 336 ) (0 192 384 ) (0 216 384 ) (0 216 336 ) 
4 55 56 (40 192 352 ) (40 192 384 ) (0 192 384 ) (0 192 352 ) 
4 56 124 (0 0 352 ) (0 0 384 ) (0 192 384 ) (0 192 352 ) 
4 56 121 (0 0 384 ) (0 0 1104 ) (0 192 1104 ) (0 192 384 ) 
4 56 89 (1024 0 352 ) (1024 0 1104 ) (0 0 1104 ) (0 0 352 ) 
4 56 58 (72 192 352 ) (168 192 352 ) (168 40 352 ) (72 40 352 ) 
4 56 57 (168 192 352 ) (1024 192 352 ) (1024 0 352 ) (168 0 352 ) 
4 56 59 (40 192 352 ) (72 192 352 ) (72 0 352 ) (40 0 352 ) 
4 57 90 (1024 0 336 ) (1024 0 352 ) (168 0 352 ) (168 0 336 ) 
4 57 61 (168 80 336 ) (168 192 336 ) (192 192 336 ) (192 80 336 ) 
4 57 60 (1024 0 336 ) (192 0 336 ) (192 192 336 ) (1024 192 336 ) 
4 57 58 (168 192 336 ) (168 40 336 ) (168 40 352 ) (168 192 352 ) 
4 58 61 (96 192 336 ) (168 192 336 ) (168 80 336 ) (96 80 336 ) 
4 58 59 (72 192 336 ) (72 40 336 ) (72 40 352 ) (72 192 352 ) 
4 59 91 (72 0 352 ) (40 0 352 ) (40 0 336 ) (72 0 336 ) 
4 60 92 (1024 0 320 ) (1024 0 336 ) (256 0 336 ) (256 0 320 ) 
4 60 68 (1024 0 320 ) (272 0 320 ) (272 192 320 ) (1024 192 320 ) 
4 60 61 (192 80 336 ) (192 192 336 ) (192 192 320 ) (192 80 320 ) 
4 62 72 (272 1024 192 ) (1024 1024 192 ) (1024 192 192 ) (272 192 192 ) 
4 62 68 (272 192 192 ) (1024 192 192 ) (1024 192 320 ) (272 192 320 ) 
4 62 63 (272 256 192 ) (272 192 192 ) (272 192 320 ) (272 256 320 ) 
4 63 73 (272 256 192 ) (272 192 192 ) (256 192 192 ) (256 256 192 ) 
4 63 67 (256 224 192 ) (256 192 192 ) (256 192 320 ) (256 224 320 ) 
4 64 74 (128 1024 192 ) (256 1024 192 ) (256 384 192 ) (128 384 192 ) 
4 64 65 (128 960 192 ) (128 256 192 ) (128 256 320 ) (128 960 320 ) 
4 65 78 (128 960 192 ) (128 256 192 ) (64 256 192 ) (64 960 192 ) 
4 65 66 (64 960 192 ) (64 256 192 ) (64 256 320 ) (64 960 320 ) 
4 66 135 (0 384 192 ) (0 256 192 ) (0 256 320 ) (0 384 320 ) 
4 66 134 (0 1024 320 ) (0 1024 192 ) (0 384 192 ) (0 384 320 ) 
4 66 79 (0 1024 192 ) (64 1024 192 ) (64 256 192 ) (0 256 192 ) 
4 67 136 (0 224 192 ) (0 200 192 ) (0 200 320 ) (0 224 320 ) 
4 67 80 (128 192 192 ) (0 192 192 ) (0 224 192 ) (128 224 192 ) 
4 67 77 (256 224 192 ) (256 192 192 ) (128 192 192 ) (128 224 192 ) 
4 68 95 (1024 0 192 ) (1024 0 320 ) (272 0 320 ) (272 0 192 ) 
4 68 72 (1024 192 192 ) (1024 0 192 ) (272 0 192 ) (272 192 192 ) 
4 69 137 (0 145 192 ) (0 0 192 ) (0 0 320 ) (0 145 320 ) 
4 69 97 (128 0 320 ) (0 0 320 ) (0 0 192 ) (128 0 192 ) 
4 69 81 (128 0 192 ) (0 0 192 ) (0 145 192 ) (128 17 192 ) 
4 69 71 (128 16.998037 320 ) (128 16.998041 192 ) (63.997330 81 192 ) (63.997322 81 320 ) 
4 69 70 (17 127.997330 192 ) (0 144.998047 192 ) (0 144.998032 320 ) (17 127.997322 320 ) 
4 70 137 (0 192 192 ) (0 145 192 ) (0 145 320 ) (0 192 320 ) 
3 70 82 (0 145 192 ) (0 192 192 ) (17 128 192 ) 
3 71 83 (128 64 192 ) (128 17 192 ) (64 81 192 ) 
4 72 95 (1024 0 64 ) (1024 0 192 ) (272 0 192 ) (272 0 64 ) 
4 72 84 (1024 0 64 ) (272 0 64 ) (272 1024 64 ) (1024 1024 64 ) 
4 72 73 (272 256 64 ) (272 192 64 ) (272 192 192 ) (272 256 192 ) 
4 73 84 (256 192 64 ) (256 256 64 ) (272 256 64 ) (272 192 64 ) 
4 73 77 (256 224 64 ) (256 192 64 ) (256 192 192 ) (256 224 192 ) 
4 74 78 (128 384 192 ) (128 960 192 ) (128 960 128 ) (128 640 128 ) 
4 74 76 (128 768 128 ) (128 1024 128 ) (256 1024 128 ) (256 768 128 ) 
4 75 85 (128 256 64 ) (128 640 64 ) (256 640 64 ) (256 256 64 ) 
4 77 85 (128 192 64 ) (128 224 64 ) (256 224 64 ) (256 192 64 ) 
4 77 80 (128 224 64 ) (128 192 64 ) (128 192 192 ) (128 224 192 ) 
4 78 79 (64 960 128 ) (64 256 128 ) (64 256 192 ) (64 960 192 ) 
4 79 135 (0 384 128 ) (0 256 128 ) (0 256 192 ) (0 384 192 ) 
4 79 134 (0 1024 192 ) (0 1024 128 ) (0 384 128 ) (0 384 192 ) 
4 80 136 (0 224 64 ) (0 200 64 ) (0 200 192 ) (0 224 192 ) 
4 80 86 (0 192 64 ) (0 224 64 ) (128 224 64 ) (128 192 64 ) 
4 81 137 (0 145 64 ) (0 0 64 ) (0 0 192 ) (0 145 192 ) 
4 81 97 (128 0 192 ) (0 0 192 ) (0 0 64 ) (128 0 64 ) 
4 81 83 (128 17 192 ) (128 17 64 ) (64 81 64 ) (64 81 192 ) 
4 81 82 (17 128 64 ) (0 145 64 ) (0 145 192 ) (17 128 192 ) 
4 82 137 (0 192 64 ) (0 145 64 ) (0 145 192 ) (0 192 192 ) 
4 84 107 (1024 0 -632 ) (1024 0 0 ) (256 0 0 ) (256 0 -632 ) 
4 84 105 (1024 0 0 ) (1024 0 64 ) (272 0 64 ) (272 0 0 ) 
5 84 85 (256 1024 -632 ) (256 0 -632 ) (256 0 64 ) (256 768 64 ) (256 1024 0 ) 
4 85 107 (128 0 0 ) (128 0 -632 ) (256 0 -632 ) (256 0 0 ) 
4 85 87 (128 0 -632 ) (128 0 0 ) (128 192 0 ) (128 192 -632 ) 
5 85 86 (128 192 64 ) (128 768 64 ) (128 1024 0 ) (128 1024 -632 ) (128 192 -632 ) 
4 86 165 (0 256 -632 ) (0 192 -632 ) (0 192 0 ) (0 256 0 ) 
4 86 162 (0 192 0 ) (0 192 64 ) (0 256 64 ) (0 256 0 ) 
4 86 159 (0 384 -632 ) (0 256 -632 ) (0 256 64 ) (0 384 64 ) 
4 86 158 (0 1024 64 ) (0 1024 -632 ) (0 384 -632 ) (0 384 64 ) 
4 86 87 (0 192 -632 ) (128 192 -632 ) (128 192 0 ) (0 192 0 ) 
4 87 165 (0 192 -632 ) (0 0 -632 ) (0 0 0 ) (0 192 0 ) 
4 87 107 (128 0 -632 ) (128 0 0 ) (0 0 0 ) (0 0 -632 ) 
4 88 119 (1272 -1024 1104 ) (1024 -1024 1104 ) (1024 -1024 -632 ) (1272 -1024 -632 ) 
4 88 118 (1024 -576 -632 ) (1024 -1024 -632 ) (1024 -1024 48 ) (1024 -576 48 ) 
4 88 115 (1024 -1024 48 ) (1024 -1024 1104 ) (1024 -576 1104 ) (1024 -576 48 ) 
4 88 114 (1024 -512 -632 ) (1024 -576 -632 ) (1024 -576 48 ) (1024 -512 48 ) 
4 88 113 (1024 -576 48 ) (1024 -576 64 ) (1024 -512 64 ) (1024 -512 48 ) 
4 88 112 (1024 -576 64 ) (1024 -576 320 ) (1024 -512 320 ) (1024 -512 64 ) 
4 88 108 (1024 -576 320 ) (1024 -576 1104 ) (1024 -512 1104 ) (1024 -512 320 ) 
4 88 107 (1024 0 0 ) (1024 0 -632 ) (1024 -512 -632 ) (1024 -512 0 ) 
4 88 105 (1024 0 64 ) (1024 0 0 ) (1024 -512 0 ) (1024 -512 64 ) 
4 88 100 (1024 -320 64 ) (1024 -512 64 ) (1024 -512 320 ) (1024 -320 320 ) 
4 88 95 (1024 0 320 ) (1024 0 64 ) (1024 -320 64 ) (1024 -320 320 ) 
4 88 93 (1024 -320 320 ) (1024 -512 320 ) (1024 -512 336 ) (1024 -320 336 ) 
4 88 92 (1024 0 336 ) (1024 0 320 ) (1024 -320 320 ) (1024 -320 336 ) 
4 88 90 (1024 0 352 ) (1024 0 336 ) (1024 -512 336 ) (1024 -512 352 ) 
4 88 89 (1024 0 1104 ) (1024 0 352 ) (1024 -512 352 ) (1024 -512 1104 ) 
4 89 167 (0 -512 352 ) (0 -512 1104 ) (0 0 1104 ) (0 0 352 ) 
4 89 109 (128 -512 1104 ) (96 -512 1104 ) (96 -512 352 ) (128 -512 352 ) 
4 89 108 (1024 -512 352 ) (1024 -512 1104 ) (128 -512 1104 ) (128 -512 352 ) 
4 89 111 (96 -512 1104 ) (0 -512 1104 ) (0 -512 352 ) (96 -512 352 ) 
4 89 91 (72 -512 352 ) (40 -512 352 ) (40 0 352 ) (72 0 352 ) 
4 89 90 (1024 -512 352 ) (168 -512 352 ) (168 0 352 ) (1024 0 352 ) 
4 90 108 (1024 -512 336 ) (1024 -512 352 ) (168 -512 352 ) (168 -512 336 ) 
4 90 93 (1024 -512 336 ) (168 -512 336 ) (168 -320 336 ) (1024 -320 336 ) 
4 90 92 (256 0 336 ) (1024 0 336 ) (1024 -320 336 ) (256 -320 336 ) 
4 91 111 (72 -512 352 ) (40 -512 352 ) (40 -512 336 ) (72 -512 336 ) 
4 92 95 (272 0 320 ) (1024 0 320 ) (1024 -320 320 ) (272 -320 320 ) 
4 92 93 (256 -320 320 ) (1024 -320 320 ) (1024 -320 336 ) (256 -320 336 ) 
4 93 108 (1024 -512 320 ) (1024 -512 336 ) (160 -512 336 ) (160 -512 320 ) 
4 93 100 (1024 -512 320 ) (320 -512 320 ) (320 -320 320 ) (1024 -320 320 ) 
4 94 101 (128 -512 320 ) (96 -512 320 ) (96 -320 320 ) (128 -320 320 ) 
4 94 97 (96 -320 320 ) (96 0 320 ) (128 0 320 ) (128 -320 320 ) 
4 95 105 (272 0 64 ) (1024 0 64 ) (1024 -320 64 ) (272 -320 64 ) 
4 95 100 (320 -320 64 ) (1024 -320 64 ) (1024 -320 320 ) (320 -320 320 ) 
4 95 96 (272 -32 64 ) (272 -128 64 ) (272 -128 172 ) (272 -32 172 ) 
4 96 98 (256 -32 64 ) (256 -128 64 ) (256 -128 172 ) (256 -32 172 ) 
4 97 184 (0 -320 320 ) (0 0 320 ) (0 0 64 ) (0 -320 64 ) 
4 97 102 (0 -320 64 ) (64 -320 64 ) (64 -320 320 ) (0 -320 320 ) 
4 97 101 (64 -320 64 ) (128 -320 64 ) (128 -320 320 ) (64 -320 320 ) 
4 97 99 (145 -256 64 ) (154.864227 -218.864197 64 ) (154.864227 -218.864197 320 ) (145 -256 320 ) 
4 97 98 (154.864227 -218.864197 64 ) (213 0 64 ) (213 0 320 ) (154.864227 -218.864197 320 ) 
4 98 99 (154.865250 -218.865234 320 ) (154.865234 -218.865234 64 ) (191.998184 -209.001816 64 ) (191.998169 -209.001831 320 ) 
4 100 112 (1024 -512 64 ) (1024 -512 320 ) (320 -512 320 ) (320 -512 64 ) 
4 100 105 (1024 -512 64 ) (320 -512 64 ) (320 -320 64 ) (1024 -320 64 ) 
4 101 103 (64 -512 168 ) (64 -512 320 ) (64 -508 320 ) (64 -508 168 ) 
4 101 104 (64 -508 64 ) (64 -512 64 ) (64 -512 166 ) (64 -508 166 ) 
4 101 102 (64 -320 320 ) (64 -320 64 ) (64 -508 64 ) (64 -508 320 ) 
4 102 184 (0 -508 320 ) (0 -320 320 ) (0 -320 64 ) (0 -508 64 ) 
4 102 103 (64 -508 168 ) (64 -508 320 ) (0 -508 320 ) (0 -508 168 ) 
4 102 104 (0 -508 64 ) (64 -508 64 ) (64 -508 166 ) (0 -508 166 ) 
4 103 185 (0 -512 168 ) (0 -512 320 ) (0 -508 320 ) (0 -508 168 ) 
4 104 186 (0 -512 64 ) (0 -512 166 ) (0 -508 166 ) (0 -508 64 ) 
4 105 114 (1024 -512 0 ) (1024 -512 48 ) (272 -512 48 ) (272 -512 0 ) 
4 105 113 (1024 -512 48 ) (1024 -512 64 ) (272 -512 64 ) (272 -512 48 ) 
4 105 107 (1024 -512 0 ) (272 -512 0 ) (272 0 0 ) (1024 0 0 ) 
4 105 106 (272 -320 0 ) (272 -512 0 ) (272 -512 64 ) (272 -320 64 ) 
4 106 114 (128 -512 48 ) (128 -512 0 ) (272 -512 0 ) (272 -512 48 ) 
4 106 113 (272 -512 64 ) (128 -512 64 ) (128 -512 48 ) (272 -512 48 ) 
4 106 107 (272 -512 0 ) (128 -512 0 ) (128 -320 0 ) (272 -320 0 ) 
4 107 226 (0 -512 -632 ) (0 -512 0 ) (0 0 0 ) (0 0 -632 ) 
4 107 114 (1024 -512 -632 ) (1024 -512 0 ) (0 -512 0 ) (0 -512 -632 ) 
4 108 115 (128 -576 320 ) (1024 -576 320 ) (1024 -576 1104 ) (128 -576 1104 ) 
4 108 112 (1024 -576 320 ) (128 -576 320 ) (128 -512 320 ) (1024 -512 320 ) 
4 108 109 (128 -536 336 ) (128 -536 1104 ) (128 -512 1104 ) (128 -512 336 ) 
4 108 110 (128 -536 320 ) (128 -576 320 ) (128 -576 1104 ) (128 -536 1104 ) 
4 109 110 (96 -536 1104 ) (96 -536 336 ) (128 -536 336 ) (128 -536 1104 ) 
4 109 111 (96 -536 336 ) (96 -536 1104 ) (96 -512 1104 ) (96 -512 336 ) 
4 110 115 (96 -576 320 ) (128 -576 320 ) (128 -576 1104 ) (96 -576 1104 ) 
4 110 111 (96 -536 320 ) (96 -576 320 ) (96 -576 1104 ) (96 -536 1104 ) 
4 111 182 (0 -576 320 ) (0 -576 336 ) (0 -536 336 ) (0 -536 320 ) 
4 111 179 (0 -576 336 ) (0 -576 1104 ) (0 -512 1104 ) (0 -512 336 ) 
4 111 116 (0 -576 1104 ) (0 -576 320 ) (8 -576 320 ) (8 -576 1104 ) 
4 111 115 (8 -576 320 ) (96 -576 320 ) (96 -576 1104 ) (8 -576 1104 ) 
4 112 115 (128 -576 64 ) (1024 -576 64 ) (1024 -576 320 ) (128 -576 320 ) 
4 112 113 (1024 -576 64 ) (128 -576 64 ) (128 -512 64 ) (1024 -512 64 ) 
4 113 115 (8 -576 48 ) (1024 -576 48 ) (1024 -576 64 ) (8 -576 64 ) 
4 113 114 (1024 -576 48 ) (8 -576 48 ) (8 -512 48 ) (1024 -512 48 ) 
4 114 232 (0 -576 -632 ) (0 -576 48 ) (0 -512 48 ) (0 -512 -632 ) 
4 114 118 (0 -576 48 ) (0 -576 -632 ) (1024 -576 -632 ) (1024 -576 48 ) 
4 115 120 (1024 -1024 48 ) (1024 -1024 1104 ) (8 -1024 1104 ) (8 -1024 48 ) 
4 115 118 (8 -576 48 ) (1024 -576 48 ) (1024 -1024 48 ) (8 -1024 48 ) 
4 115 116 (8 -584 176 ) (8 -584 1104 ) (8 -576 1104 ) (8 -576 176 ) 
4 115 117 (8 -584 48 ) (8 -1024 48 ) (8 -1024 1104 ) (8 -584 1104 ) 
4 116 195 (0 -576 320 ) (0 -576 176 ) (0 -584 176 ) (0 -584 320 ) 
4 116 182 (0 -576 336 ) (0 -576 320 ) (0 -584 320 ) (0 -584 336 ) 
4 116 179 (0 -584 1104 ) (0 -576 1104 ) (0 -576 336 ) (0 -584 336 ) 
4 116 117 (8 -584 176 ) (8 -584 1104 ) (0 -584 1104 ) (0 -584 176 ) 
4 117 231 (0 -1024 48 ) (0 -1024 64 ) (0 -584 64 ) (0 -584 48 ) 
4 117 196 (0 -1024 64 ) (0 -1024 320 ) (0 -584 320 ) (0 -584 64 ) 
4 117 182 (0 -1024 320 ) (0 -1024 336 ) (0 -584 336 ) (0 -584 320 ) 
4 117 179 (0 -1024 336 ) (0 -1024 1104 ) (0 -584 1104 ) (0 -584 336 ) 
4 117 120 (8 -1024 1104 ) (0 -1024 1104 ) (0 -1024 48 ) (8 -1024 48 ) 
4 117 118 (8 -584 48 ) (8 -1024 48 ) (0 -1024 48 ) (0 -584 48 ) 
4 118 232 (0 -1024 -632 ) (0 -1024 48 ) (0 -576 48 ) (0 -576 -632 ) 
4 118 120 (1024 -1024 -632 ) (1024 -1024 48 ) (0 -1024 48 ) (0 -1024 -632 ) 
4 119 120 (1024 -1024 1104 ) (1024 -1024 -632 ) (1024 -2016 -632 ) (1024 -2016 1104 ) 
4 120 265 (0 -2016 1104 ) (0 -1024 1104 ) (0 -1024 -632 ) (0 -2016 -632 ) 
4 121 167 (0 0 384 ) (0 0 1104 ) (-128 0 1104 ) (-128 0 384 ) 
4 121 127 (-128 1024 1104 ) (-128 1024 384 ) (-128 0 384 ) (-128 0 1104 ) 
4 121 124 (0 0 384 ) (-56 0 384 ) (-56 192 384 ) (0 192 384 ) 
4 121 125 (-56 0 384 ) (-128 0 384 ) (-128 192 384 ) (-56 192 384 ) 
4 121 123 (-128 192 384 ) (-128 216 384 ) (0 216 384 ) (0 192 384 ) 
4 121 122 (-128 216 384 ) (-128 256 384 ) (0 256 384 ) (0 216 384 ) 
4 122 136 (-128 216 320 ) (-128 224 320 ) (0 224 320 ) (0 216 320 ) 
4 122 129 (-128 256 320 ) (-128 216 320 ) (-128 216 384 ) (-128 256 384 ) 
4 122 123 (0 216 384 ) (-128 216 384 ) (-128 216 336 ) (0 216 336 ) 
4 123 129 (-128 192 336 ) (-128 192 384 ) (-128 216 384 ) (-128 216 336 ) 
4 123 124 (0 192 384 ) (-56 192 384 ) (-56 192 352 ) (0 192 352 ) 
4 123 125 (-56 192 384 ) (-128 192 384 ) (-128 192 336 ) (-56 192 336 ) 
4 124 167 (0 0 352 ) (0 0 384 ) (-56 0 384 ) (-56 0 352 ) 
4 124 125 (-56 192 384 ) (-56 192 352 ) (-56 0 352 ) (-56 0 384 ) 
4 125 168 (-128 0 352 ) (-128 0 336 ) (-56 0 336 ) (-56 0 352 ) 
4 125 167 (-56 0 384 ) (-128 0 384 ) (-128 0 352 ) (-56 0 352 ) 
4 125 132 (-128 0 336 ) (-128 0 384 ) (-128 192 384 ) (-128 192 336 ) 
4 126 170 (0 0 320 ) (0 0 336 ) (-32 0 336 ) (-32 0 320 ) 
4 126 137 (0 0 320 ) (-32 0 320 ) (-32 192 320 ) (0 192 320 ) 
4 127 173 (-1024 0 1104 ) (-1024 0 384 ) (-160 0 384 ) (-160 0 1104 ) 
4 127 167 (-160 0 384 ) (-128 0 384 ) (-128 0 1104 ) (-160 0 1104 ) 
4 127 166 (-1024 1024 1104 ) (-1024 1024 384 ) (-1024 0 384 ) (-1024 0 1104 ) 
4 127 132 (-128 192 384 ) (-128 0 384 ) (-184 0 384 ) (-184 192 384 ) 
4 127 133 (-384 0 384 ) (-1024 0 384 ) (-1024 192 384 ) (-384 192 384 ) 
4 127 130 (-384 1024 384 ) (-192 1024 384 ) (-192 384 384 ) (-384 384 384 ) 
4 127 131 (-1024 1024 384 ) (-384 1024 384 ) (-384 192 384 ) (-1024 192 384 ) 
4 127 128 (-192 1024 384 ) (-128 1024 384 ) (-128 384 384 ) (-192 384 384 ) 
4 127 129 (-128 256 384 ) (-128 192 384 ) (-192 192 384 ) (-192 256 384 ) 
4 128 148 (-144 448 320 ) (-152 448 320 ) (-152 504 320 ) (-144 504 320 ) 
4 128 149 (-152 448 320 ) (-192 448 320 ) (-192 512 320 ) (-152 512 320 ) 
4 128 145 (-152 512 320 ) (-192 512 320 ) (-192 576 320 ) (-152 576 320 ) 
4 128 142 (-152 576 320 ) (-192 576 320 ) (-192 584 320 ) (-152 584 320 ) 
4 128 140 (-144 672 320 ) (-144 584 320 ) (-192 584 320 ) (-192 672 320 ) 
4 128 139 (-192 1024 320 ) (-144 1024 320 ) (-144 672 320 ) (-192 672 320 ) 
4 128 138 (-144 1024 320 ) (-128 1024 320 ) (-128 960 320 ) (-144 960 320 ) 
4 128 130 (-192 1024 320 ) (-192 384 320 ) (-192 384 384 ) (-192 1024 384 ) 
4 129 152 (-128 224 320 ) (-128 192 320 ) (-192 192 320 ) (-192 224 320 ) 
4 129 132 (-184 192 320 ) (-128 192 320 ) (-128 192 384 ) (-184 192 384 ) 
4 130 149 (-192 512 320 ) (-192 448 320 ) (-384 448 320 ) (-384 512 320 ) 
4 130 145 (-192 576 320 ) (-192 512 320 ) (-384 512 320 ) (-384 576 320 ) 
4 130 142 (-192 584 320 ) (-192 576 320 ) (-384 576 320 ) (-384 584 320 ) 
4 130 140 (-192 672 320 ) (-192 584 320 ) (-384 584 320 ) (-384 672 320 ) 
4 130 139 (-384 1024 320 ) (-192 1024 320 ) (-192 672 320 ) (-384 672 320 ) 
4 130 131 (-384 1024 320 ) (-384 384 320 ) (-384 384 384 ) (-384 1024 384 ) 
4 131 166 (-1024 1024 384 ) (-1024 1024 320 ) (-1024 192 320 ) (-1024 192 384 ) 
4 131 155 (-416 448 320 ) (-384 448 320 ) (-384 384 320 ) (-416 384 320 ) 
4 131 156 (-1024 192 320 ) (-1024 448 320 ) (-416 448 320 ) (-416 192 320 ) 
4 131 149 (-1024 448 320 ) (-1024 512 320 ) (-384 512 320 ) (-384 448 320 ) 
4 131 145 (-1024 512 320 ) (-1024 576 320 ) (-384 576 320 ) (-384 512 320 ) 
4 131 142 (-1024 576 320 ) (-1024 584 320 ) (-384 584 320 ) (-384 576 320 ) 
4 131 141 (-1024 584 320 ) (-1024 1024 320 ) (-384 1024 320 ) (-384 584 320 ) 
4 131 133 (-1024 192 320 ) (-384 192 320 ) (-384 192 384 ) (-1024 192 384 ) 
4 132 174 (-184 0 320 ) (-160 0 320 ) (-160 0 384 ) (-184 0 384 ) 
4 132 171 (-160 0 320 ) (-128 0 320 ) (-128 0 336 ) (-160 0 336 ) 
4 132 169 (-128 0 336 ) (-128 0 352 ) (-160 0 352 ) (-160 0 336 ) 
4 132 167 (-128 0 352 ) (-128 0 384 ) (-160 0 384 ) (-160 0 352 ) 
4 133 177 (-1024 0 384 ) (-1024 0 320 ) (-704 0 320 ) (-704 0 384 ) 
4 133 166 (-1024 192 320 ) (-1024 0 320 ) (-1024 0 384 ) (-1024 192 384 ) 
4 133 157 (-512 0 320 ) (-1024 0 320 ) (-1024 192 320 ) (-512 192 320 ) 
4 134 143 (-128 576 312 ) (-128 576 248 ) (-128 512 248 ) (-128 512 312 ) 
4 134 144 (-128 576 240 ) (-128 576 128 ) (-128 512 128 ) (-128 512 240 ) 
4 134 138 (-128 960 320 ) (-128 1024 320 ) (-128 1024 128 ) (-128 960 128 ) 
4 134 135 (-128 384 320 ) (-128 384 128 ) (0 384 128 ) (0 384 320 ) 
4 135 151 (-128 256 96 ) (-128 256 320 ) (-128 384 320 ) (-128 384 96 ) 
4 136 162 (0 224 64 ) (0 200 64 ) (-128 200 64 ) (-128 224 64 ) 
4 136 152 (-128 224 64 ) (-128 200 64 ) (-128 200 320 ) (-128 224 320 ) 
4 137 184 (0 0 64 ) (0 0 320 ) (-62 0 320 ) (-62 0 64 ) 
4 137 187 (-62 0 320 ) (-128 0 320 ) (-128 0 64 ) (-62 0 64 ) 
4 138 158 (-144 1024 64 ) (-128 1024 64 ) (-128 960 64 ) (-144 960 64 ) 
4 138 139 (-144 1024 64 ) (-144 960 64 ) (-144 960 320 ) (-144 1024 320 ) 
4 139 158 (-384 1024 64 ) (-144 1024 64 ) (-144 672 64 ) (-384 672 64 ) 
4 139 140 (-384 672 320 ) (-384 672 128 ) (-144 672 128 ) (-144 672 320 ) 
4 139 141 (-384 1024 64 ) (-384 672 64 ) (-384 672 320 ) (-384 1024 320 ) 
4 140 142 (-152 584 320 ) (-384 584 320 ) (-384 584 128 ) (-152 584 128 ) 
4 140 141 (-384 584 128 ) (-384 584 320 ) (-384 672 320 ) (-384 672 128 ) 
4 141 166 (-1024 1024 320 ) (-1024 1024 64 ) (-1024 584 64 ) (-1024 584 320 ) 
4 141 158 (-1024 584 64 ) (-1024 1024 64 ) (-384 1024 64 ) (-384 584 64 ) 
4 141 146 (-1024 584 64 ) (-384 584 64 ) (-384 584 128 ) (-1024 584 128 ) 
4 141 142 (-384 584 128 ) (-384 584 320 ) (-1024 584 320 ) (-1024 584 128 ) 
4 142 166 (-1024 576 320 ) (-1024 584 320 ) (-1024 584 128 ) (-1024 576 128 ) 
4 142 146 (-1024 576 128 ) (-1024 584 128 ) (-384 584 128 ) (-384 576 128 ) 
4 142 145 (-1024 576 128 ) (-152 576 128 ) (-152 576 320 ) (-1024 576 320 ) 
4 143 145 (-152 576 312 ) (-152 576 248 ) (-152 512 248 ) (-152 512 312 ) 
4 144 147 (-144 512 218 ) (-144 512 128 ) (-136 512 128 ) (-136 512 218 ) 
4 144 145 (-152 576 240 ) (-152 576 128 ) (-152 512 128 ) (-152 512 240 ) 
4 145 166 (-1024 512 128 ) (-1024 512 320 ) (-1024 576 320 ) (-1024 576 128 ) 
4 145 149 (-152 512 320 ) (-1024 512 320 ) (-1024 512 128 ) (-152 512 128 ) 
4 145 146 (-384 512 128 ) (-1024 512 128 ) (-1024 576 128 ) (-384 576 128 ) 
4 146 166 (-1024 584 64 ) (-1024 512 64 ) (-1024 512 128 ) (-1024 584 128 ) 
4 146 158 (-1024 512 64 ) (-1024 584 64 ) (-384 584 64 ) (-384 512 64 ) 
4 146 150 (-1024 512 64 ) (-384 512 64 ) (-384 512 128 ) (-1024 512 128 ) 
4 148 149 (-152 504 128 ) (-152 448 128 ) (-152 448 320 ) (-152 504 320 ) 
4 149 166 (-1024 448 128 ) (-1024 448 320 ) (-1024 512 320 ) (-1024 512 128 ) 
4 149 155 (-384 448 320 ) (-416 448 320 ) (-416 448 128 ) (-384 448 128 ) 
4 149 156 (-416 448 320 ) (-1024 448 320 ) (-1024 448 128 ) (-416 448 128 ) 
4 149 150 (-1024 512 128 ) (-384 512 128 ) (-384 448 128 ) (-1024 448 128 ) 
4 150 166 (-1024 512 64 ) (-1024 448 64 ) (-1024 448 128 ) (-1024 512 128 ) 
4 150 158 (-1024 448 64 ) (-1024 512 64 ) (-384 512 64 ) (-384 448 64 ) 
4 150 155 (-416 448 64 ) (-384 448 64 ) (-384 448 128 ) (-416 448 128 ) 
4 150 156 (-1024 448 64 ) (-416 448 64 ) (-416 448 128 ) (-1024 448 128 ) 
4 151 154 (-384 256 320 ) (-384 256 64 ) (-256 256 64 ) (-256 256 320 ) 
4 152 163 (-128 224 64 ) (-128 192 64 ) (-184 192 64 ) (-184 224 64 ) 
4 153 209 (-256 0 192 ) (-256 0 64 ) (-192 0 64 ) (-192 0 192 ) 
4 153 198 (-192 0 320 ) (-256 0 320 ) (-256 0 192 ) (-192 0 192 ) 
4 153 154 (-256 128 64 ) (-256 0 64 ) (-256 0 320 ) (-256 128 320 ) 
4 154 209 (-384 0 192 ) (-384 0 64 ) (-256 0 64 ) (-256 0 192 ) 
4 154 198 (-256 0 320 ) (-384 0 320 ) (-384 0 192 ) (-256 0 192 ) 
4 155 158 (-416 448 64 ) (-384 448 64 ) (-384 384 64 ) (-416 384 64 ) 
4 155 156 (-416 448 320 ) (-416 448 64 ) (-416 384 64 ) (-416 384 320 ) 
4 156 166 (-1024 448 64 ) (-1024 192 64 ) (-1024 192 320 ) (-1024 448 320 ) 
4 156 164 (-1024 192 64 ) (-1024 256 64 ) (-416 256 64 ) (-416 192 64 ) 
4 156 161 (-1024 256 64 ) (-1024 384 64 ) (-416 384 64 ) (-416 256 64 ) 
4 156 158 (-1024 384 64 ) (-1024 448 64 ) (-416 448 64 ) (-416 384 64 ) 
4 156 157 (-1024 192 64 ) (-512 192 64 ) (-512 192 320 ) (-1024 192 320 ) 
4 157 207 (-704 0 320 ) (-1024 0 320 ) (-1024 0 192 ) (-704 0 192 ) 
4 157 166 (-1024 192 64 ) (-1024 0 64 ) (-1024 0 320 ) (-1024 192 320 ) 
4 157 164 (-1024 0 64 ) (-1024 192 64 ) (-512 192 64 ) (-512 0 64 ) 
4 158 166 (-1024 1024 64 ) (-1024 1024 -632 ) (-1024 384 -632 ) (-1024 384 64 ) 
3 158 160 (-384 384 0 ) (-384 384 -32 ) (-256 384 0 ) 
4 158 159 (-384 384 -632 ) (0 384 -632 ) (0 384 64 ) (-384 384 -32 ) 
4 158 161 (-1024 384 -632 ) (-384 384 -632 ) (-384 384 64 ) (-1024 384 64 ) 
5 159 165 (0 256 -632 ) (0 256 0 ) (-256 256 0 ) (-384 256 -32 ) (-384 256 -632 ) 
4 159 162 (0 256 0 ) (0 256 64 ) (-128 256 32 ) (-128 256 0 ) 
4 159 163 (-128 256 32 ) (-184 256 18 ) (-184 256 0 ) (-128 256 0 ) 
4 159 160 (-256 384 0 ) (-384 384 -32 ) (-384 256 -32 ) (-256 256 0 ) 
4 159 161 (-384 384 -32 ) (-384 384 -632 ) (-384 256 -632 ) (-384 256 -32 ) 
3 160 165 (-384 256 0 ) (-384 256 -32 ) (-256 256 0 ) 
4 160 161 (-384 384 0 ) (-384 384 -32 ) (-384 256 -32 ) (-384 256 0 ) 
4 161 166 (-1024 384 -632 ) (-1024 256 -632 ) (-1024 256 64 ) (-1024 384 64 ) 
4 161 165 (-1024 256 0 ) (-1024 256 -632 ) (-384 256 -632 ) (-384 256 0 ) 
4 161 164 (-384 256 64 ) (-1024 256 64 ) (-1024 256 0 ) (-384 256 0 ) 
4 162 165 (-128 256 0 ) (0 256 0 ) (0 192 0 ) (-128 192 0 ) 
4 162 163 (-128 256 64 ) (-128 256 0 ) (-128 192 0 ) (-128 192 64 ) 
4 163 222 (-128 0 64 ) (-184 0 64 ) (-184 0 0 ) (-128 0 0 ) 
4 163 165 (-184 256 0 ) (-128 256 0 ) (-128 0 0 ) (-184 0 0 ) 
4 164 227 (-704 0 64 ) (-1024 0 64 ) (-1024 0 0 ) (-704 0 0 ) 
4 164 166 (-1024 0 0 ) (-1024 0 64 ) (-1024 256 64 ) (-1024 256 0 ) 
4 164 165 (-1024 0 0 ) (-1024 256 0 ) (-384 256 0 ) (-384 0 0 ) 
4 165 230 (-1024 0 -64 ) (-1024 0 -632 ) (-704 0 -632 ) (-704 0 -64 ) 
4 165 227 (-704 0 0 ) (-1024 0 0 ) (-1024 0 -64 ) (-704 0 -64 ) 
4 165 226 (0 0 -632 ) (0 0 0 ) (-704 0 0 ) (-704 0 -632 ) 
4 165 166 (-1024 0 -632 ) (-1024 0 0 ) (-1024 256 0 ) (-1024 256 -632 ) 
4 166 263 (-2048 1024 1104 ) (-2048 1024 -632 ) (-2048 0 -632 ) (-2048 0 1104 ) 
4 166 262 (-1024 0 -632 ) (-1024 0 -128 ) (-2048 0 -128 ) (-2048 0 -632 ) 
4 166 257 (-1152 0 -64 ) (-1216 0 -64 ) (-1216 0 -128 ) (-1152 0 -128 ) 
4 166 256 (-1024 0 -128 ) (-1024 0 -64 ) (-1152 0 -64 ) (-1152 0 -128 ) 
4 166 258 (-1216 0 -64 ) (-2048 0 -64 ) (-2048 0 -128 ) (-1216 0 -128 ) 
4 166 253 (-1600 0 64 ) (-1664 0 64 ) (-1664 0 -64 ) (-1600 0 -64 ) 
4 166 255 (-1664 0 64 ) (-2048 0 64 ) (-2048 0 -64 ) (-1664 0 -64 ) 
4 166 247 (-1024 0 -64 ) (-1024 0 64 ) (-1600 0 64 ) (-1600 0 -64 ) 
4 166 244 (-1600 0 192 ) (-2048 0 192 ) (-2048 0 64 ) (-1600 0 64 ) 
4 166 237 (-1024 0 192 ) (-1024 0 320 ) (-1600 0 320 ) (-1600 0 192 ) 
4 166 238 (-1600 0 320 ) (-2048 0 320 ) (-2048 0 192 ) (-1600 0 192 ) 
4 166 236 (-1024 0 320 ) (-1024 0 1104 ) (-2048 0 1104 ) (-2048 0 320 ) 
4 167 179 (0 -512 352 ) (0 -512 1104 ) (-160 -512 1104 ) (-160 -512 352 ) 
4 167 175 (-160 -512 352 ) (-160 -512 384 ) (-160 -256 384 ) (-160 -256 352 ) 
4 167 174 (-160 -256 384 ) (-160 0 384 ) (-160 0 352 ) (-160 -256 352 ) 
4 167 173 (-160 -512 384 ) (-160 -512 1104 ) (-160 0 1104 ) (-160 0 384 ) 
4 167 169 (-160 -256 352 ) (-160 0 352 ) (-128 0 352 ) (-128 -256 352 ) 
4 167 168 (-56 -512 352 ) (-128 -512 352 ) (-128 0 352 ) (-56 0 352 ) 
4 168 179 (-56 -512 352 ) (-128 -512 352 ) (-128 -512 336 ) (-56 -512 336 ) 
4 168 169 (-128 0 336 ) (-128 -256 336 ) (-128 -256 352 ) (-128 0 352 ) 
4 169 174 (-160 -256 352 ) (-160 0 352 ) (-160 0 336 ) (-160 -256 336 ) 
4 169 171 (-160 -224 336 ) (-160 0 336 ) (-128 0 336 ) (-128 -224 336 ) 
4 170 185 (0 -508 320 ) (0 -512 320 ) (-32 -512 320 ) (-32 -508 320 ) 
4 170 184 (-32 0 320 ) (0 0 320 ) (0 -508 320 ) (-32 -508 320 ) 
4 171 174 (-160 0 320 ) (-160 -224 320 ) (-160 -224 336 ) (-160 0 336 ) 
4 172 188 (-128 -256 320 ) (-128 -512 320 ) (-160 -512 320 ) (-160 -256 320 ) 
4 173 236 (-1024 0 1104 ) (-1024 0 384 ) (-1024 -512 384 ) (-1024 -512 1104 ) 
4 173 179 (-1024 -512 1104 ) (-1024 -512 384 ) (-160 -512 384 ) (-160 -512 1104 ) 
4 173 178 (-704 -512 384 ) (-1024 -512 384 ) (-1024 -384 384 ) (-704 -384 384 ) 
4 173 177 (-1024 -384 384 ) (-1024 0 384 ) (-704 0 384 ) (-704 -384 384 ) 
4 173 176 (-384 -512 384 ) (-704 -512 384 ) (-704 -384 384 ) (-384 -384 384 ) 
4 173 175 (-160 -256 384 ) (-160 -512 384 ) (-184 -512 384 ) (-184 -256 384 ) 
4 173 174 (-160 0 384 ) (-160 -256 384 ) (-184 -256 384 ) (-184 0 384 ) 
4 174 175 (-184 -256 384 ) (-184 -256 336 ) (-160 -256 336 ) (-160 -256 384 ) 
4 175 179 (-160 -512 336 ) (-160 -512 384 ) (-184 -512 384 ) (-184 -512 336 ) 
4 176 205 (-448 -512 320 ) (-672 -512 320 ) (-672 -448 320 ) (-448 -448 320 ) 
4 176 181 (-704 -512 320 ) (-384 -512 320 ) (-384 -512 336 ) (-704 -512 336 ) 
4 176 179 (-384 -512 336 ) (-384 -512 384 ) (-704 -512 384 ) (-704 -512 336 ) 
4 176 178 (-704 -512 336 ) (-704 -512 384 ) (-704 -384 384 ) (-704 -384 336 ) 
4 177 236 (-1024 0 384 ) (-1024 0 320 ) (-1024 -384 320 ) (-1024 -384 384 ) 
4 177 207 (-1024 -128 320 ) (-1024 0 320 ) (-704 0 320 ) (-704 -128 320 ) 
4 177 178 (-704 -384 336 ) (-704 -384 384 ) (-1024 -384 384 ) (-1024 -384 336 ) 
4 178 236 (-1024 -512 336 ) (-1024 -512 384 ) (-1024 -384 384 ) (-1024 -384 336 ) 
4 178 179 (-1024 -512 384 ) (-1024 -512 336 ) (-704 -512 336 ) (-704 -512 384 ) 
4 179 265 (0 -1024 336 ) (0 -1024 1104 ) (-1024 -1024 1104 ) (-1024 -1024 336 ) 
4 179 236 (-1024 -1024 336 ) (-1024 -1024 1104 ) (-1024 -512 1104 ) (-1024 -512 336 ) 
4 179 183 (-704 -1024 336 ) (-1024 -1024 336 ) (-1024 -832 336 ) (-704 -832 336 ) 
4 179 181 (-704 -536 336 ) (-704 -512 336 ) (-160 -512 336 ) (-160 -536 336 ) 
4 179 180 (-128 -512 336 ) (-32 -512 336 ) (-32 -536 336 ) (-128 -536 336 ) 
4 179 182 (0 -1024 336 ) (-704 -1024 336 ) (-704 -536 336 ) (0 -536 336 ) 
4 180 182 (-128 -536 320 ) (-32 -536 320 ) (-32 -536 336 ) (-128 -536 336 ) 
4 181 204 (-448 -512 320 ) (-384 -512 320 ) (-384 -536 320 ) (-448 -536 320 ) 
4 181 205 (-672 -512 320 ) (-448 -512 320 ) (-448 -536 320 ) (-672 -536 320 ) 
4 181 182 (-704 -536 336 ) (-704 -536 320 ) (-160 -536 320 ) (-160 -536 336 ) 
4 182 265 (0 -1024 320 ) (0 -1024 336 ) (-704 -1024 336 ) (-704 -1024 320 ) 
4 182 206 (-672 -1024 320 ) (-704 -1024 320 ) (-704 -832 320 ) (-672 -832 320 ) 
4 182 204 (-384 -1024 320 ) (-448 -1024 320 ) (-448 -536 320 ) (-384 -536 320 ) 
4 182 205 (-448 -1024 320 ) (-672 -1024 320 ) (-672 -536 320 ) (-448 -536 320 ) 
4 182 199 (-192 -1024 320 ) (-384 -1024 320 ) (-384 -576 320 ) (-192 -576 320 ) 
4 182 195 (-72 -584 320 ) (-72 -576 320 ) (0 -576 320 ) (0 -584 320 ) 
4 182 196 (0 -1024 320 ) (-72 -1024 320 ) (-72 -584 320 ) (0 -584 320 ) 
4 182 197 (-72 -1024 320 ) (-192 -1024 320 ) (-192 -576 320 ) (-72 -576 320 ) 
4 182 183 (-704 -1024 336 ) (-704 -832 336 ) (-704 -832 320 ) (-704 -1024 320 ) 
4 183 265 (-704 -1024 336 ) (-1024 -1024 336 ) (-1024 -1024 320 ) (-704 -1024 320 ) 
4 183 236 (-1024 -832 320 ) (-1024 -1024 320 ) (-1024 -1024 336 ) (-1024 -832 336 ) 
4 184 185 (-62 -508 320 ) (-62 -508 168 ) (0 -508 168 ) (0 -508 320 ) 
4 184 186 (-62 -508 166 ) (-62 -508 64 ) (0 -508 64 ) (0 -508 166 ) 
4 184 187 (-62 0 64 ) (-62 -508 64 ) (-62 -508 320 ) (-62 0 320 ) 
4 185 187 (-62 -512 168 ) (-62 -512 320 ) (-62 -508 320 ) (-62 -508 168 ) 
4 186 194 (-56 -512 64 ) (-8 -512 64 ) (-8 -512 166 ) (-56 -512 166 ) 
4 186 187 (-62 -508 64 ) (-62 -512 64 ) (-62 -512 166 ) (-62 -508 166 ) 
4 187 188 (-128 -256 64 ) (-128 -512 64 ) (-128 -512 320 ) (-128 -256 320 ) 
4 188 191 (-168 -504 184 ) (-168 -504 312 ) (-168 -440 312 ) (-168 -440 184 ) 
4 188 192 (-168 -440 64 ) (-168 -504 64 ) (-168 -504 176 ) (-168 -440 176 ) 
4 188 190 (-168 -264 64 ) (-168 -432 64 ) (-168 -432 176 ) (-168 -264 176 ) 
4 188 189 (-168 -432 184 ) (-168 -432 312 ) (-168 -264 312 ) (-168 -264 184 ) 
4 189 209 (-192 -432 184 ) (-192 -432 192 ) (-192 -264 192 ) (-192 -264 184 ) 
4 189 198 (-192 -432 192 ) (-192 -432 312 ) (-192 -264 312 ) (-192 -264 192 ) 
4 190 209 (-192 -264 64 ) (-192 -432 64 ) (-192 -432 176 ) (-192 -264 176 ) 
4 191 209 (-192 -504 184 ) (-192 -504 192 ) (-192 -440 192 ) (-192 -440 184 ) 
4 191 198 (-192 -504 192 ) (-192 -504 312 ) (-192 -440 312 ) (-192 -440 192 ) 
4 192 209 (-192 -440 64 ) (-192 -504 64 ) (-192 -504 176 ) (-192 -440 176 ) 
4 192 193 (-184 -504 64 ) (-176 -504 64 ) (-176 -504 176 ) (-184 -504 176 ) 
4 195 196 (-72 -584 320 ) (-72 -584 176 ) (0 -584 176 ) (0 -584 320 ) 
4 195 197 (-72 -576 320 ) (-72 -576 176 ) (-72 -584 176 ) (-72 -584 320 ) 
4 196 265 (0 -1024 64 ) (0 -1024 320 ) (-72 -1024 320 ) (-72 -1024 64 ) 
4 196 231 (0 -584 64 ) (0 -1024 64 ) (-72 -1024 64 ) (-72 -584 64 ) 
4 196 197 (-72 -584 64 ) (-72 -1024 64 ) (-72 -1024 320 ) (-72 -584 320 ) 
4 197 265 (-72 -1024 320 ) (-192 -1024 320 ) (-192 -1024 64 ) (-72 -1024 64 ) 
4 197 233 (-72 -1024 64 ) (-192 -1024 64 ) (-192 -576 64 ) (-72 -576 64 ) 
4 197 210 (-192 -576 64 ) (-192 -1024 64 ) (-192 -1024 192 ) (-192 -576 192 ) 
4 197 199 (-192 -1024 192 ) (-192 -1024 320 ) (-192 -576 320 ) (-192 -576 192 ) 
4 198 209 (-384 0 192 ) (-192 0 192 ) (-192 -512 192 ) (-384 -512 192 ) 
4 198 203 (-384 -128 192 ) (-384 -384 192 ) (-384 -384 320 ) (-384 -128 320 ) 
4 198 202 (-384 0 192 ) (-384 -47 192 ) (-384 -47 320 ) (-384 0 320 ) 
4 198 201 (-384 -47 192 ) (-384 -94 192 ) (-384 -94 320 ) (-384 -47 320 ) 
4 198 200 (-384 -94 192 ) (-384 -128 192 ) (-384 -128 320 ) (-384 -94 320 ) 
4 199 265 (-192 -1024 320 ) (-384 -1024 320 ) (-384 -1024 192 ) (-192 -1024 192 ) 
4 199 210 (-192 -576 192 ) (-192 -1024 192 ) (-384 -1024 192 ) (-384 -576 192 ) 
4 199 204 (-384 -576 192 ) (-384 -1024 192 ) (-384 -1024 320 ) (-384 -576 320 ) 
3 200 211 (-384 -94 192 ) (-384 -128 192 ) (-512 -128 192 ) 
4 200 203 (-512 -128 192 ) (-384 -128 192 ) (-384 -128 320 ) (-512 -128 320 ) 
4 200 201 (-384 -94 320 ) (-384 -94 192 ) (-448 -111 192 ) (-448 -111 320 ) 
3 201 212 (-384 -47 192 ) (-384 -94 192 ) (-448 -111 192 ) 
4 201 202 (-384 -47 320 ) (-384 -47 192 ) (-401 -64 192 ) (-401 -64 320 ) 
3 202 213 (-384 0 192 ) (-384 -47 192 ) (-401 -64 192 ) 
4 203 214 (-384 -128 192 ) (-384 -384 192 ) (-640 -384 192 ) (-640 -128 192 ) 
4 204 265 (-384 -1024 320 ) (-448 -1024 320 ) (-448 -1024 192 ) (-384 -1024 192 ) 
4 204 217 (-384 -512 192 ) (-384 -1024 192 ) (-448 -1024 192 ) (-448 -512 192 ) 
4 204 205 (-448 -512 192 ) (-448 -1024 192 ) (-448 -1024 320 ) (-448 -512 320 ) 
4 205 265 (-448 -1024 320 ) (-672 -1024 320 ) (-672 -1024 192 ) (-448 -1024 192 ) 
4 205 219 (-640 -1024 192 ) (-672 -1024 192 ) (-672 -448 192 ) (-640 -448 192 ) 
4 205 218 (-448 -1024 192 ) (-640 -1024 192 ) (-640 -512 192 ) (-448 -512 192 ) 
4 205 206 (-672 -832 192 ) (-672 -1024 192 ) (-672 -1024 320 ) (-672 -832 320 ) 
4 206 265 (-672 -1024 320 ) (-704 -1024 320 ) (-704 -1024 192 ) (-672 -1024 192 ) 
4 206 220 (-672 -1024 192 ) (-704 -1024 192 ) (-704 -832 192 ) (-672 -832 192 ) 
4 207 237 (-1024 0 320 ) (-1024 0 192 ) (-1024 -128 192 ) (-1024 -128 320 ) 
4 208 221 (-1024 -832 192 ) (-1024 -448 192 ) (-704 -448 192 ) (-704 -832 192 ) 
4 208 216 (-1024 -448 192 ) (-1024 -384 192 ) (-704 -384 192 ) (-704 -448 192 ) 
4 209 213 (-384 0 64 ) (-384 -47 64 ) (-384 -47 192 ) (-384 0 192 ) 
4 209 212 (-384 -47 64 ) (-384 -94 64 ) (-384 -94 192 ) (-384 -47 192 ) 
4 209 211 (-384 -94 64 ) (-384 -128 64 ) (-384 -128 192 ) (-384 -94 192 ) 
4 209 214 (-384 -128 64 ) (-384 -384 64 ) (-384 -384 192 ) (-384 -128 192 ) 
4 210 265 (-384 -1024 64 ) (-192 -1024 64 ) (-192 -1024 192 ) (-384 -1024 192 ) 
4 210 233 (-192 -576 64 ) (-192 -1024 64 ) (-384 -1024 64 ) (-384 -576 64 ) 
4 210 217 (-384 -576 64 ) (-384 -1024 64 ) (-384 -1024 192 ) (-384 -576 192 ) 
4 211 212 (-384 -94 192 ) (-384 -94 64 ) (-448 -111 64 ) (-448 -111 192 ) 
4 211 214 (-512 -128 64 ) (-384 -128 64 ) (-384 -128 192 ) (-512 -128 192 ) 
4 212 213 (-384 -47 192 ) (-384 -47 64 ) (-401 -64 64 ) (-401 -64 192 ) 
4 214 242 (-1024 -128 64 ) (-1024 -384 64 ) (-1024 -384 192 ) (-1024 -128 192 ) 
4 214 215 (-640 -384 64 ) (-448 -384 64 ) (-448 -384 192 ) (-640 -384 192 ) 
4 214 216 (-1024 -384 64 ) (-704 -384 64 ) (-704 -384 192 ) (-1024 -384 192 ) 
4 216 242 (-1024 -384 64 ) (-1024 -448 64 ) (-1024 -448 192 ) (-1024 -384 192 ) 
4 216 229 (-1024 -448 64 ) (-1024 -384 64 ) (-768 -384 64 ) (-768 -448 64 ) 
4 216 221 (-1024 -448 64 ) (-704 -448 64 ) (-704 -448 192 ) (-1024 -448 192 ) 
4 217 265 (-448 -1024 64 ) (-384 -1024 64 ) (-384 -1024 192 ) (-448 -1024 192 ) 
4 217 233 (-384 -512 64 ) (-384 -1024 64 ) (-448 -1024 64 ) (-448 -512 64 ) 
4 217 218 (-448 -512 64 ) (-448 -1024 64 ) (-448 -1024 192 ) (-448 -512 192 ) 
4 218 265 (-640 -1024 64 ) (-448 -1024 64 ) (-448 -1024 192 ) (-640 -1024 192 ) 
4 218 233 (-448 -512 64 ) (-448 -1024 64 ) (-640 -1024 64 ) (-640 -512 64 ) 
4 218 219 (-640 -512 64 ) (-640 -1024 64 ) (-640 -1024 192 ) (-640 -512 192 ) 
4 219 265 (-672 -1024 64 ) (-640 -1024 64 ) (-640 -1024 192 ) (-672 -1024 192 ) 
4 219 233 (-640 -512 64 ) (-640 -1024 64 ) (-672 -1024 64 ) (-672 -512 64 ) 
4 219 225 (-672 -448 64 ) (-640 -448 64 ) (-640 -512 64 ) (-672 -512 64 ) 
4 219 220 (-672 -832 64 ) (-672 -1024 64 ) (-672 -1024 192 ) (-672 -832 192 ) 
4 220 265 (-704 -1024 64 ) (-672 -1024 64 ) (-672 -1024 192 ) (-704 -1024 192 ) 
4 220 233 (-672 -832 64 ) (-672 -1024 64 ) (-704 -1024 64 ) (-704 -832 64 ) 
4 221 242 (-1024 -448 64 ) (-1024 -640 64 ) (-1024 -640 192 ) (-1024 -448 192 ) 
4 222 226 (-184 -256 0 ) (-184 0 0 ) (-128 0 0 ) (-128 -256 0 ) 
4 223 233 (-384 -512 64 ) (-448 -512 64 ) (-448 -512 0 ) (-384 -512 0 ) 
4 223 226 (-384 -512 0 ) (-448 -512 0 ) (-448 -384 0 ) (-384 -384 0 ) 
4 223 224 (-448 -448 0 ) (-448 -512 0 ) (-448 -512 64 ) (-448 -448 64 ) 
4 224 233 (-448 -512 64 ) (-640 -512 64 ) (-640 -512 0 ) (-448 -512 0 ) 
4 224 226 (-448 -512 0 ) (-640 -512 0 ) (-640 -448 0 ) (-448 -448 0 ) 
4 224 225 (-640 -448 0 ) (-640 -512 0 ) (-640 -512 64 ) (-640 -448 64 ) 
4 225 233 (-640 -512 64 ) (-704 -512 64 ) (-704 -512 0 ) (-640 -512 0 ) 
4 225 226 (-640 -512 0 ) (-704 -512 0 ) (-704 -384 0 ) (-640 -384 0 ) 
4 226 235 (-704 -512 -64 ) (-704 -512 -632 ) (-72 -512 -632 ) (-72 -512 -64 ) 
4 226 233 (-72 -512 0 ) (-704 -512 0 ) (-704 -512 -64 ) (-72 -512 -64 ) 
4 226 232 (0 -512 -632 ) (0 -512 0 ) (-72 -512 0 ) (-72 -512 -632 ) 
4 226 230 (-704 -512 -632 ) (-704 -512 -64 ) (-704 0 -64 ) (-704 0 -632 ) 
4 226 228 (-704 -448 0 ) (-704 -384 0 ) (-704 -384 -64 ) (-704 -448 -64 ) 
4 226 227 (-704 -128 0 ) (-704 0 0 ) (-704 0 -64 ) (-704 -128 -64 ) 
4 227 247 (-1024 0 64 ) (-1024 0 -64 ) (-1024 -128 -64 ) (-1024 -128 64 ) 
4 227 230 (-1024 0 -64 ) (-704 0 -64 ) (-704 -128 -64 ) (-1024 -128 -64 ) 
4 228 230 (-704 -384 -64 ) (-704 -448 -64 ) (-768 -448 -64 ) (-768 -384 -64 ) 
4 228 229 (-768 -384 0 ) (-768 -384 -64 ) (-768 -448 -64 ) (-768 -448 0 ) 
4 229 248 (-1024 -384 -64 ) (-1024 -448 -64 ) (-1024 -448 64 ) (-1024 -384 64 ) 
4 229 230 (-768 -448 -64 ) (-1024 -448 -64 ) (-1024 -384 -64 ) (-768 -384 -64 ) 
4 230 262 (-1024 0 -128 ) (-1024 0 -632 ) (-1024 -512 -632 ) (-1024 -512 -128 ) 
4 230 256 (-1024 0 -64 ) (-1024 0 -128 ) (-1024 -448 -128 ) (-1024 -448 -64 ) 
4 230 235 (-704 -512 -632 ) (-704 -512 -64 ) (-1024 -512 -64 ) (-1024 -512 -632 ) 
4 231 265 (0 -1024 48 ) (0 -1024 64 ) (-72 -1024 64 ) (-72 -1024 48 ) 
4 231 233 (-72 -584 48 ) (-72 -1024 48 ) (-72 -1024 64 ) (-72 -584 64 ) 
4 231 232 (0 -1024 48 ) (-72 -1024 48 ) (-72 -584 48 ) (0 -584 48 ) 
4 232 265 (0 -1024 -632 ) (0 -1024 48 ) (-72 -1024 48 ) (-72 -1024 -632 ) 
4 232 235 (-72 -512 -64 ) (-72 -512 -632 ) (-72 -1024 -632 ) (-72 -1024 -64 ) 
4 232 233 (-72 -512 48 ) (-72 -512 -64 ) (-72 -1024 -64 ) (-72 -1024 48 ) 
4 233 265 (-72 -1024 -64 ) (-72 -1024 64 ) (-704 -1024 64 ) (-704 -1024 -64 ) 
4 233 235 (-704 -512 -64 ) (-72 -512 -64 ) (-72 -1024 -64 ) (-704 -1024 -64 ) 
4 233 234 (-704 -832 -64 ) (-704 -1024 -64 ) (-704 -1024 64 ) (-704 -832 64 ) 
4 234 265 (-704 -1024 64 ) (-1024 -1024 64 ) (-1024 -1024 -64 ) (-704 -1024 -64 ) 
4 234 250 (-1024 -1024 -64 ) (-1024 -1024 64 ) (-1024 -832 64 ) (-1024 -832 -64 ) 
4 234 235 (-704 -832 -64 ) (-704 -1024 -64 ) (-1024 -1024 -64 ) (-1024 -832 -64 ) 
4 235 265 (-72 -1024 -632 ) (-72 -1024 -64 ) (-1024 -1024 -64 ) (-1024 -1024 -632 ) 
4 235 262 (-1024 -1024 -632 ) (-1024 -1024 -128 ) (-1024 -512 -128 ) (-1024 -512 -632 ) 
4 235 260 (-1024 -1024 -128 ) (-1024 -1024 -64 ) (-1024 -832 -64 ) (-1024 -832 -128 ) 
4 236 266 (-1024 -1024 320 ) (-1024 -1024 1104 ) (-2048 -1024 1104 ) (-2048 -1024 320 ) 
4 236 264 (-2048 -1024 320 ) (-2048 -1024 1104 ) (-2048 0 1104 ) (-2048 0 320 ) 
4 236 240 (-1344 -1024 320 ) (-1600 -1024 320 ) (-1600 -448 320 ) (-1344 -448 320 ) 
4 236 241 (-1600 -1024 320 ) (-2048 -1024 320 ) (-2048 -384 320 ) (-1600 -384 320 ) 
4 236 239 (-1024 -832 320 ) (-1024 -1024 320 ) (-1344 -1024 320 ) (-1344 -832 320 ) 
4 236 237 (-1024 0 320 ) (-1024 -128 320 ) (-1600 -128 320 ) (-1600 0 320 ) 
4 236 238 (-1600 -384 320 ) (-2048 -384 320 ) (-2048 0 320 ) (-1600 0 320 ) 
4 237 238 (-1600 0 192 ) (-1600 -128 192 ) (-1600 -128 320 ) (-1600 0 320 ) 
4 238 264 (-2048 -384 320 ) (-2048 0 320 ) (-2048 0 192 ) (-2048 -384 192 ) 
4 238 244 (-2048 -384 192 ) (-2048 0 192 ) (-1600 0 192 ) (-1600 -384 192 ) 
4 238 241 (-2048 -384 192 ) (-1600 -384 192 ) (-1600 -384 320 ) (-2048 -384 320 ) 
4 239 266 (-1024 -1024 192 ) (-1024 -1024 320 ) (-1344 -1024 320 ) (-1344 -1024 192 ) 
4 239 245 (-1024 -1024 192 ) (-1344 -1024 192 ) (-1344 -832 192 ) (-1024 -832 192 ) 
4 239 240 (-1344 -832 192 ) (-1344 -1024 192 ) (-1344 -1024 320 ) (-1344 -832 320 ) 
4 240 266 (-1344 -1024 320 ) (-1600 -1024 320 ) (-1600 -1024 192 ) (-1344 -1024 192 ) 
4 240 246 (-1344 -1024 192 ) (-1600 -1024 192 ) (-1600 -640 192 ) (-1344 -640 192 ) 
4 240 241 (-1600 -448 192 ) (-1600 -1024 192 ) (-1600 -1024 320 ) (-1600 -448 320 ) 
4 241 266 (-1600 -1024 320 ) (-2048 -1024 320 ) (-2048 -1024 192 ) (-1600 -1024 192 ) 
4 241 264 (-2048 -1024 192 ) (-2048 -1024 320 ) (-2048 -384 320 ) (-2048 -384 192 ) 
4 241 246 (-1600 -1024 192 ) (-2048 -1024 192 ) (-2048 -640 192 ) (-1600 -640 192 ) 
4 241 244 (-2048 -640 192 ) (-2048 -384 192 ) (-1600 -384 192 ) (-1600 -640 192 ) 
4 242 248 (-1024 -384 64 ) (-1024 -640 64 ) (-1344 -640 64 ) (-1344 -384 64 ) 
4 242 243 (-1344 -128 192 ) (-1344 -128 64 ) (-1344 -448 64 ) (-1344 -448 192 ) 
4 243 249 (-1600 -448 64 ) (-1600 -384 64 ) (-1344 -384 64 ) (-1344 -448 64 ) 
4 243 244 (-1600 -128 64 ) (-1600 -448 64 ) (-1600 -448 192 ) (-1600 -128 192 ) 
4 244 264 (-2048 -640 192 ) (-2048 0 192 ) (-2048 0 64 ) (-2048 -640 64 ) 
4 244 253 (-1664 -128 64 ) (-1664 0 64 ) (-1600 0 64 ) (-1600 -128 64 ) 
4 244 254 (-1600 -640 64 ) (-1664 -640 64 ) (-1664 -448 64 ) (-1600 -448 64 ) 
4 244 255 (-1664 -640 64 ) (-2048 -640 64 ) (-2048 0 64 ) (-1664 0 64 ) 
4 244 246 (-2048 -640 64 ) (-1600 -640 64 ) (-1600 -640 192 ) (-2048 -640 192 ) 
4 245 266 (-1024 -1024 64 ) (-1024 -1024 192 ) (-1344 -1024 192 ) (-1344 -1024 64 ) 
4 245 251 (-1280 -1024 64 ) (-1344 -1024 64 ) (-1344 -832 64 ) (-1280 -832 64 ) 
4 245 250 (-1024 -832 64 ) (-1024 -1024 64 ) (-1280 -1024 64 ) (-1280 -832 64 ) 
4 245 246 (-1344 -832 64 ) (-1344 -1024 64 ) (-1344 -1024 192 ) (-1344 -832 192 ) 
4 246 266 (-1344 -1024 192 ) (-2048 -1024 192 ) (-2048 -1024 64 ) (-1344 -1024 64 ) 
4 246 264 (-2048 -1024 64 ) (-2048 -1024 192 ) (-2048 -640 192 ) (-2048 -640 64 ) 
4 246 254 (-1600 -1024 64 ) (-1664 -1024 64 ) (-1664 -640 64 ) (-1600 -640 64 ) 
4 246 255 (-1664 -1024 64 ) (-2048 -1024 64 ) (-2048 -640 64 ) (-1664 -640 64 ) 
4 246 252 (-1344 -1024 64 ) (-1600 -1024 64 ) (-1600 -640 64 ) (-1344 -640 64 ) 
4 247 257 (-1216 0 -64 ) (-1152 0 -64 ) (-1152 -128 -64 ) (-1216 -128 -64 ) 
4 247 256 (-1152 0 -64 ) (-1024 0 -64 ) (-1024 -128 -64 ) (-1152 -128 -64 ) 
4 247 258 (-1600 -128 -64 ) (-1600 0 -64 ) (-1216 0 -64 ) (-1216 -128 -64 ) 
4 247 253 (-1600 0 -64 ) (-1600 -128 -64 ) (-1600 -128 64 ) (-1600 0 64 ) 
4 248 256 (-1152 -384 -64 ) (-1024 -384 -64 ) (-1024 -448 -64 ) (-1152 -448 -64 ) 
4 248 258 (-1344 -384 -64 ) (-1216 -384 -64 ) (-1216 -448 -64 ) (-1344 -448 -64 ) 
4 248 250 (-1280 -640 -64 ) (-1024 -640 -64 ) (-1024 -640 64 ) (-1280 -640 64 ) 
4 248 249 (-1344 -384 64 ) (-1344 -384 -64 ) (-1344 -448 -64 ) (-1344 -448 64 ) 
4 249 258 (-1600 -448 -64 ) (-1600 -384 -64 ) (-1344 -384 -64 ) (-1344 -448 -64 ) 
4 250 266 (-1024 -1024 -64 ) (-1024 -1024 64 ) (-1280 -1024 64 ) (-1280 -1024 -64 ) 
4 250 260 (-1024 -1024 -64 ) (-1280 -1024 -64 ) (-1280 -832 -64 ) (-1024 -832 -64 ) 
4 250 251 (-1280 -832 -64 ) (-1280 -1024 -64 ) (-1280 -1024 64 ) (-1280 -832 64 ) 
4 251 266 (-1280 -1024 64 ) (-1344 -1024 64 ) (-1344 -1024 -64 ) (-1280 -1024 -64 ) 
4 251 261 (-1280 -1024 -64 ) (-1344 -1024 -64 ) (-1344 -832 -64 ) (-1280 -832 -64 ) 
4 251 252 (-1344 -832 -64 ) (-1344 -1024 -64 ) (-1344 -1024 64 ) (-1344 -832 64 ) 
4 252 266 (-1344 -1024 64 ) (-1600 -1024 64 ) (-1600 -1024 -64 ) (-1344 -1024 -64 ) 
4 252 261 (-1344 -1024 -64 ) (-1600 -1024 -64 ) (-1600 -640 -64 ) (-1344 -640 -64 ) 
4 252 254 (-1600 -640 -64 ) (-1600 -1024 -64 ) (-1600 -1024 64 ) (-1600 -640 64 ) 
4 253 258 (-1664 -128 -64 ) (-1664 0 -64 ) (-1600 0 -64 ) (-1600 -128 -64 ) 
4 253 255 (-1664 0 -64 ) (-1664 -128 -64 ) (-1664 -128 64 ) (-1664 0 64 ) 
4 254 266 (-1600 -1024 64 ) (-1664 -1024 64 ) (-1664 -1024 -64 ) (-1600 -1024 -64 ) 
4 254 261 (-1600 -1024 -64 ) (-1664 -1024 -64 ) (-1664 -640 -64 ) (-1600 -640 -64 ) 
4 254 259 (-1664 -640 -64 ) (-1664 -448 -64 ) (-1600 -448 -64 ) (-1600 -640 -64 ) 
4 254 255 (-1664 -448 -64 ) (-1664 -1024 -64 ) (-1664 -1024 64 ) (-1664 -448 64 ) 
4 255 266 (-1664 -1024 64 ) (-2048 -1024 64 ) (-2048 -1024 -64 ) (-1664 -1024 -64 ) 
4 255 264 (-2048 -1024 -64 ) (-2048 -1024 64 ) (-2048 0 64 ) (-2048 0 -64 ) 
4 255 261 (-1664 -1024 -64 ) (-2048 -1024 -64 ) (-2048 -640 -64 ) (-1664 -640 -64 ) 
4 255 259 (-2048 -640 -64 ) (-2048 -448 -64 ) (-1664 -448 -64 ) (-1664 -640 -64 ) 
4 255 258 (-2048 -448 -64 ) (-2048 0 -64 ) (-1664 0 -64 ) (-1664 -448 -64 ) 
4 256 262 (-1024 0 -128 ) (-1024 -448 -128 ) (-1152 -448 -128 ) (-1152 0 -128 ) 
4 256 257 (-1152 0 -128 ) (-1152 -384 -128 ) (-1152 -384 -64 ) (-1152 0 -64 ) 
4 257 262 (-1216 -384 -128 ) (-1216 0 -128 ) (-1152 0 -128 ) (-1152 -384 -128 ) 
4 257 258 (-1216 0 -128 ) (-1216 -384 -128 ) (-1216 -384 -64 ) (-1216 0 -64 ) 
4 258 264 (-2048 -448 -64 ) (-2048 0 -64 ) (-2048 0 -128 ) (-2048 -448 -128 ) 
4 258 262 (-1216 -448 -128 ) (-2048 -448 -128 ) (-2048 0 -128 ) (-1216 0 -128 ) 
4 258 259 (-2048 -448 -128 ) (-1344 -448 -128 ) (-1344 -448 -64 ) (-2048 -448 -64 ) 
4 259 264 (-2048 -640 -64 ) (-2048 -448 -64 ) (-2048 -448 -128 ) (-2048 -640 -128 ) 
4 259 262 (-1344 -640 -128 ) (-2048 -640 -128 ) (-2048 -448 -128 ) (-1344 -448 -128 ) 
4 259 261 (-2048 -640 -128 ) (-1344 -640 -128 ) (-1344 -640 -64 ) (-2048 -640 -64 ) 
4 260 266 (-1024 -1024 -128 ) (-1024 -1024 -64 ) (-1280 -1024 -64 ) (-1280 -1024 -128 ) 
4 260 262 (-1024 -832 -128 ) (-1024 -1024 -128 ) (-1280 -1024 -128 ) (-1280 -832 -128 ) 
4 260 261 (-1280 -832 -128 ) (-1280 -1024 -128 ) (-1280 -1024 -64 ) (-1280 -832 -64 ) 
4 261 266 (-1280 -1024 -64 ) (-2048 -1024 -64 ) (-2048 -1024 -128 ) (-1280 -1024 -128 ) 
4 261 264 (-2048 -1024 -128 ) (-2048 -1024 -64 ) (-2048 -640 -64 ) (-2048 -640 -128 ) 
4 261 262 (-1280 -1024 -128 ) (-2048 -1024 -128 ) (-2048 -640 -128 ) (-1280 -640 -128 ) 
4 262 266 (-1024 -1024 -632 ) (-1024 -1024 -128 ) (-2048 -1024 -128 ) (-2048 -1024 -632 ) 
4 262 264 (-2048 -1024 -632 ) (-2048 -1024 -128 ) (-2048 0 -128 ) (-2048 0 -632 ) 
4 263 264 (-2048 0 -632 ) (-2048 0 1104 ) (-2688 0 1104 ) (-2688 0 -632 ) 
4 264 267 (-2048 -1024 -632 ) (-2048 -1024 1104 ) (-2688 -1024 1104 ) (-2688 -1024 -632 ) 
4 265 266 (-1024 -1024 1104 ) (-1024 -1024 -632 ) (-1024 -2016 -632 ) (-1024 -2016 1104 ) 
4 266 267 (-2048 -1024 1104 ) (-2048 -1024 -632 ) (-2048 -2016 -632 ) (-2048 -2016 1104 ) 
