PRT1
26
48
4 0 19 (0 80 64 ) (0 80 192 ) (0 88 192 ) (0 88 64 ) 
4 0 13 (0 200 192 ) (0 208 192 ) (0 208 64 ) (0 200 64 ) 
4 0 15 (0 88 192 ) (0 200 192 ) (0 200 64 ) (0 88 64 ) 
4 0 4 (0 80 192 ) (0 80 208 ) (0 208 208 ) (0 208 192 ) 
4 0 1 (15 207 64 ) (15 81 64 ) (0 81 64 ) (0 207 64 ) 
4 1 22 (0 81 64 ) (0 207 64 ) (0 207 63 ) (0 81 63 ) 
4 1 2 (15 207 63 ) (15 81 63 ) (0 81 63 ) (0 207 63 ) 
4 2 24 (0 80 -128 ) (0 80 63 ) (0 208 63 ) (0 208 -128 ) 
4 3 9 (-576 336 192 ) (-464 336 192 ) (-464 208 192 ) (-576 208 192 ) 
4 3 7 (-640 208 192 ) (-464 208 192 ) (-464 208 256 ) (-640 208 256 ) 
4 4 19 (0 88 192 ) (0 80 192 ) (-176 80 192 ) (-176 88 192 ) 
4 4 13 (-176 208 192 ) (0 208 192 ) (0 200 192 ) (-176 200 192 ) 
4 4 15 (0 200 192 ) (0 88 192 ) (-176 88 192 ) (-176 200 192 ) 
4 5 18 (-192 88 192 ) (-192 80 192 ) (-312 80 192 ) (-312 88 192 ) 
4 5 14 (-312 208 192 ) (-192 208 192 ) (-192 200 192 ) (-312 200 192 ) 
5 5 15 (-192 200 192 ) (-192 88 192 ) (-268 88 192 ) (-312 176 192 ) (-312 200 192 ) 
3 5 12 (-268 88 192 ) (-312 88 192 ) (-312 176 192 ) 
4 6 16 (-328 88 192 ) (-328 80 192 ) (-448 80 192 ) (-448 88 192 ) 
4 6 11 (-448 208 192 ) (-328 208 192 ) (-328 200 192 ) (-448 200 192 ) 
5 6 12 (-328 200 192 ) (-328 88 192 ) (-404.006958 88 192 ) (-448 175.986115 192 ) (-448 200 192 ) 
3 6 10 (-404.006958 88 192 ) (-448 88 192 ) (-448 175.986115 192 ) 
4 7 17 (-464 88 192 ) (-464 80 192 ) (-576 80 192 ) (-576 88 192 ) 
4 7 10 (-576 208 192 ) (-464 208 192 ) (-464 88 192 ) (-576 88 192 ) 
4 8 25 (-192 0 256 ) (-384 0 256 ) (-384 0 192 ) (-192 0 192 ) 
4 8 21 (-192 0 192 ) (-384 0 192 ) (-384 64 192 ) (-192 64 192 ) 
4 9 10 (-576 208 64 ) (-464 208 64 ) (-464 208 192 ) (-576 208 192 ) 
4 10 17 (-576 88 64 ) (-460 88 64 ) (-460 88 192 ) (-576 88 192 ) 
4 10 16 (-452 88 64 ) (-404.006958 88 64 ) (-404.006958 88 192 ) (-452 88 192 ) 
4 10 12 (-404.007813 88 192 ) (-404.007813 88 64 ) (-460.007813 200 64 ) (-460.007813 200 192 ) 
4 11 12 (-452 200 64 ) (-324.001953 200 64 ) (-324.001953 200 192 ) (-452 200 192 ) 
4 12 18 (-316 88 64 ) (-268 88 64 ) (-268 88 192 ) (-316 88 192 ) 
4 12 16 (-404.006958 88 64 ) (-324 88 64 ) (-324 88 192 ) (-404.006958 88 192 ) 
4 12 15 (-268 88 192 ) (-268 88 64 ) (-324 200 64 ) (-324 200 192 ) 
4 13 22 (0 207 64 ) (0 200 64 ) (-47 200 64 ) (-47 207 64 ) 
4 13 23 (-48 200 64 ) (-175 200 64 ) (-175 207 64 ) (-48 207 64 ) 
4 13 15 (-180 200 64 ) (0 200 64 ) (0 200 192 ) (-180 200 192 ) 
4 14 15 (-316 200 64 ) (-188 200 64 ) (-188 200 192 ) (-316 200 192 ) 
4 15 22 (0 200 64 ) (0 88 64 ) (-47 88 64 ) (-47 200 64 ) 
4 15 23 (-48 88 64 ) (-175 88 64 ) (-175 200 64 ) (-48 200 64 ) 
4 15 19 (-180 88 64 ) (0 88 64 ) (0 88 192 ) (-180 88 192 ) 
4 15 18 (-268 88 64 ) (-188 88 64 ) (-188 88 192 ) (-268 88 192 ) 
4 16 20 (-384 80 64 ) (-328 80 64 ) (-328 80 176 ) (-384 80 176 ) 
4 19 22 (0 88 64 ) (0 81 64 ) (-47 81 64 ) (-47 88 64 ) 
4 19 23 (-48 81 64 ) (-175 81 64 ) (-175 88 64 ) (-48 88 64 ) 
4 20 21 (-384 64 64 ) (-328 64 64 ) (-328 64 176 ) (-384 64 176 ) 
4 21 25 (-192 0 192 ) (-384 0 192 ) (-384 0 64 ) (-192 0 64 ) 
4 22 24 (-47 207 63 ) (0 207 63 ) (0 81 63 ) (-47 81 63 ) 
4 23 24 (-175 81 63 ) (-175 207 63 ) (-48 207 63 ) (-48 81 63 ) 
