PRT1
37
63
4 0 2 (-192 112 64 ) (-192 112 256 ) (-320 112 256 ) (-320 112 64 ) 
4 1 2 (-384 112 256 ) (-512 112 256 ) (-512 112 64 ) (-384 112 64 ) 
4 2 15 (-576 0 192 ) (-576 0 64 ) (-512 0 64 ) (-512 0 192 ) 
4 2 14 (-512 0 64 ) (-448 0 64 ) (-448 0 192 ) (-512 0 192 ) 
4 2 13 (-448 0 64 ) (-192 0 64 ) (-192 0 192 ) (-448 0 192 ) 
4 2 11 (-192 0 256 ) (-576 0 256 ) (-576 0 192 ) (-192 0 192 ) 
4 3 4 (272 -544 16 ) (272 -800 16 ) (272 -800 37.601089 ) (272 -544 26.420151 ) 
4 4 5 (268 -544 16 ) (268 -800 16 ) (268 -800 37.601089 ) (268 -544 26.420151 ) 
4 5 8 (256 -800 16 ) (256 -800 64 ) (256 -544 64 ) (256 -544 16 ) 
4 5 7 (256 -800 64 ) (256 -800 144 ) (256 -544 144 ) (256 -544 64 ) 
4 6 16 (0 -1024 256 ) (0 -1024 384 ) (0 -192 384 ) (0 -192 256 ) 
4 6 9 (256 -1024 256 ) (256 -1024 384 ) (0 -1024 384 ) (0 -1024 256 ) 
4 7 17 (0 -1024 64 ) (0 -1024 192 ) (0 -192 192 ) (0 -192 64 ) 
4 7 10 (256 -1024 64 ) (256 -1024 192 ) (0 -1024 192 ) (0 -1024 64 ) 
4 7 8 (0 -800 64 ) (0 -544 64 ) (256 -544 64 ) (256 -800 64 ) 
4 8 18 (0 -800 64 ) (0 -544 64 ) (0 -544 48 ) (0 -800 48 ) 
4 9 26 (0 -1216 256 ) (0 -1216 384 ) (0 -1024 384 ) (0 -1024 256 ) 
4 10 27 (0 -1216 64 ) (0 -1216 192 ) (0 -1024 192 ) (0 -1024 64 ) 
4 11 15 (-576 0 192 ) (-512 0 192 ) (-512 -176 192 ) (-576 -176 192 ) 
4 11 14 (-512 0 192 ) (-448 0 192 ) (-448 -176 192 ) (-512 -176 192 ) 
4 11 13 (-448 0 192 ) (-192 0 192 ) (-192 -176 192 ) (-448 -176 192 ) 
4 11 12 (-576 -176 192 ) (-512 -176 192 ) (-512 -176 256 ) (-576 -176 256 ) 
4 12 15 (-512 -192 192 ) (-576 -192 192 ) (-576 -176 192 ) (-512 -176 192 ) 
4 13 21 (-192 -192 192 ) (-448 -192 192 ) (-448 -192 64 ) (-192 -192 64 ) 
4 13 14 (-448 0 64 ) (-448 -176 64 ) (-448 -176 192 ) (-448 0 192 ) 
4 14 15 (-512 0 64 ) (-512 -176 64 ) (-512 -176 192 ) (-512 0 192 ) 
4 16 26 (0 -1024 256 ) (0 -1024 384 ) (-128 -1024 384 ) (-128 -1024 256 ) 
4 16 19 (-128 -192 384 ) (-128 -192 256 ) (-128 -1024 256 ) (-128 -1024 384 ) 
4 17 27 (0 -1024 64 ) (0 -1024 192 ) (-128 -1024 192 ) (-128 -1024 64 ) 
4 17 19 (-128 -192 192 ) (-128 -192 64 ) (-128 -1024 64 ) (-128 -1024 192 ) 
4 17 18 (-127.996094 -800 64 ) (-127.996094 -544 64 ) (0 -544 64 ) (0 -800 64 ) 
4 19 28 (-128 -1024 64 ) (-128 -1024 384 ) (-144 -1024 384 ) (-144 -1024 64 ) 
4 19 20 (-144 -208 64 ) (-144 -1024 64 ) (-144 -1024 384 ) (-144 -208 384 ) 
4 20 28 (-144 -1024 384 ) (-176 -1024 384 ) (-176 -1024 64 ) (-144 -1024 64 ) 
4 20 21 (-176 -208 64 ) (-176 -1024 64 ) (-176 -1024 384 ) (-176 -208 384 ) 
5 21 35 (-448 -1024 336 ) (-512 -1024 240 ) (-512 -1024 64 ) (-384 -1024 64 ) (-384 -1024 336 ) 
4 21 33 (-384 -1024 384 ) (-416 -1024 384 ) (-448 -1024 336 ) (-384 -1024 336 ) 
4 21 32 (-352 -1024 384 ) (-384 -1024 384 ) (-384 -1024 64 ) (-352 -1024 64 ) 
4 21 29 (-208 -1024 384 ) (-240 -1024 384 ) (-240 -1024 64 ) (-208 -1024 64 ) 
4 21 31 (-240 -1024 384 ) (-352 -1024 384 ) (-352 -1024 64 ) (-240 -1024 64 ) 
4 21 28 (-176 -1024 384 ) (-208 -1024 384 ) (-208 -1024 64 ) (-176 -1024 64 ) 
4 21 25 (-512 -832 239.998032 ) (-512 -960 239.998016 ) (-448 -960 335.998047 ) (-448 -832 335.998047 ) 
4 21 23 (-512 -320 239.998047 ) (-512 -448 239.998047 ) (-448 -448 335.998047 ) (-448 -320 335.998077 ) 
4 21 24 (-512 -576 239.998032 ) (-512 -704 239.998032 ) (-448 -704 335.998047 ) (-448 -576 335.998047 ) 
4 22 34 (-512 -1024 384 ) (-512 -1024 336 ) (-448 -1024 336 ) (-448 -1024 384 ) 
4 22 25 (-512 -960 336 ) (-512 -832 336 ) (-448 -832 336 ) (-448 -960 336 ) 
4 22 23 (-512 -448 336 ) (-512 -320 336 ) (-448 -320 336 ) (-448 -448 336 ) 
4 22 24 (-512 -704 336 ) (-512 -576 336 ) (-448 -576 336 ) (-448 -704 336 ) 
4 26 28 (-128 -1216 256 ) (-128 -1216 384 ) (-128 -1024 384 ) (-128 -1024 256 ) 
4 27 28 (-128 -1024 64 ) (-128 -1216 64 ) (-128 -1216 192 ) (-128 -1024 192 ) 
4 28 30 (-208 -1200 64 ) (-208 -1216 64 ) (-208 -1216 65.835503 ) (-208 -1200 65.835503 ) 
4 28 29 (-208 -1024 64 ) (-208 -1200 64 ) (-208 -1200 384 ) (-208 -1024 384 ) 
4 29 30 (-240 -1200 65.835503 ) (-240 -1200 64 ) (-208 -1200 64 ) (-208 -1200 65.835503 ) 
4 29 31 (-240 -1024 64 ) (-240 -1200 64 ) (-240 -1200 384 ) (-240 -1024 384 ) 
4 30 31 (-240 -1200 64 ) (-240 -1216 64 ) (-240 -1216 65.835503 ) (-240 -1200 65.835503 ) 
4 31 32 (-352 -1024 64 ) (-352 -1200 64 ) (-352 -1200 384 ) (-352 -1024 384 ) 
4 32 35 (-384 -1024 64 ) (-384 -1088 64 ) (-384 -1088 336 ) (-384 -1024 336 ) 
4 32 36 (-384 -1088 64 ) (-384 -1200 64 ) (-384 -1200 336 ) (-384 -1088 336 ) 
4 32 33 (-384 -1200 336 ) (-384 -1200 384 ) (-384 -1024 384 ) (-384 -1024 336 ) 
4 33 35 (-448 -1024 336 ) (-384 -1024 336 ) (-384 -1088 336 ) (-448 -1088 336 ) 
4 33 36 (-384 -1088 336 ) (-384 -1216 336 ) (-448 -1216 336 ) (-448 -1088 336 ) 
4 34 36 (-512 -1216 336 ) (-512 -1088 336 ) (-448 -1088 336 ) (-448 -1216 336 ) 
5 35 36 (-512 -1088 64 ) (-384 -1088 64 ) (-384 -1088 336 ) (-448 -1088 336 ) (-512 -1088 240 ) 
